TN:
SF:script/1_DeployGatewayWithProxy.sol
DA:42,0
FN:42,DeployGatewayWithProxy.run
FNDA:0,DeployGatewayWithProxy.run
DA:43,0
DA:46,0
DA:48,0
DA:51,0
DA:52,0
DA:53,0
DA:56,0
DA:57,0
DA:59,0
DA:62,0
DA:65,0
FN:65,DeployGatewayWithProxy._loadDeploymentConfig
FNDA:0,DeployGatewayWithProxy._loadDeploymentConfig
DA:66,0
DA:69,0
DA:70,0
DA:71,0
DA:73,0
DA:74,0
DA:75,0
DA:76,0
DA:77,0
DA:78,0
DA:79,0
DA:80,0
DA:81,0
DA:82,0
DA:83,0
DA:86,0
FN:86,DeployGatewayWithProxy._deployImplementation
FNDA:0,DeployGatewayWithProxy._deployImplementation
DA:87,0
DA:89,0
DA:90,0
DA:92,0
DA:95,0
FN:95,DeployGatewayWithProxy._deployProxy
FNDA:0,DeployGatewayWithProxy._deployProxy
DA:96,0
DA:99,0
DA:115,0
DA:121,0
DA:122,0
DA:125,0
FN:125,DeployGatewayWithProxy._configureGateway
FNDA:0,DeployGatewayWithProxy._configureGateway
DA:126,0
DA:128,0
DA:131,0
DA:134,0
DA:135,0
DA:138,0
DA:139,0
DA:141,0
DA:144,0
FN:144,DeployGatewayWithProxy._logDeploymentSummary
FNDA:0,DeployGatewayWithProxy._logDeploymentSummary
DA:145,0
DA:146,0
DA:147,0
DA:148,0
DA:149,0
DA:150,0
DA:151,0
DA:152,0
DA:153,0
DA:154,0
DA:155,0
DA:158,0
FN:158,DeployGatewayWithProxy._verifyAllAdmins
FNDA:0,DeployGatewayWithProxy._verifyAllAdmins
DA:159,0
DA:162,0
DA:163,0
DA:166,0
DA:167,0
DA:169,0
BRDA:169,0,0,-
BRDA:169,0,1,-
DA:170,0
DA:172,0
DA:175,0
BRDA:175,1,0,-
BRDA:175,1,1,-
DA:176,0
DA:178,0
DA:181,0
DA:185,0
FN:185,DeployGatewayWithProxy._verifyDeployment
FNDA:0,DeployGatewayWithProxy._verifyDeployment
DA:186,0
BRDA:186,2,0,-
BRDA:186,2,1,-
DA:187,0
BRDA:187,3,0,-
BRDA:187,3,1,-
DA:189,0
DA:192,0
BRDA:192,4,0,-
BRDA:192,4,1,-
DA:193,0
BRDA:193,5,0,-
BRDA:193,5,1,-
DA:194,0
BRDA:194,6,0,-
BRDA:194,6,1,-
DA:195,0
BRDA:195,7,0,-
BRDA:195,7,1,-
DA:196,0
BRDA:196,8,0,-
BRDA:196,8,1,-
DA:197,0
BRDA:197,9,0,-
BRDA:197,9,1,-
DA:198,0
BRDA:198,10,0,-
BRDA:198,10,1,-
DA:200,0
DA:208,0
FN:208,DeployGatewayWithProxy.getProxyAdmin
FNDA:0,DeployGatewayWithProxy.getProxyAdmin
DA:210,0
DA:211,0
DA:218,0
FN:218,DeployGatewayWithProxy.getProxyAdminOwner
FNDA:0,DeployGatewayWithProxy.getProxyAdminOwner
DA:219,0
DA:221,0
DA:222,0
FNF:10
FNH:0
LF:91
LH:0
BRF:22
BRH:0
end_of_record
TN:
SF:script/2_DeployGatewayImpl.sol
DA:19,0
FN:19,DeployGatewayImpl.run
FNDA:0,DeployGatewayImpl.run
DA:20,0
DA:23,0
DA:26,0
DA:28,0
DA:31,0
DA:34,0
FN:34,DeployGatewayImpl._deployImplementation
FNDA:0,DeployGatewayImpl._deployImplementation
DA:35,0
DA:37,0
DA:38,0
DA:40,0
DA:43,0
FN:43,DeployGatewayImpl._logDeploymentSummary
FNDA:0,DeployGatewayImpl._logDeploymentSummary
DA:44,0
DA:45,0
DA:46,0
DA:47,0
DA:48,0
DA:49,0
DA:50,0
DA:51,0
DA:52,0
DA:53,0
DA:54,0
DA:55,0
DA:59,0
FN:59,DeployGatewayImpl.verifyImplementation
FNDA:0,DeployGatewayImpl.verifyImplementation
DA:60,0
BRDA:60,0,0,-
BRDA:60,0,1,-
DA:63,0
BRDA:63,1,0,-
BRDA:63,1,1,-
DA:65,0
DA:66,0
FNF:4
FNH:0
LF:29
LH:0
BRF:4
BRH:0
end_of_record
TN:
SF:script/3_UpgradeGatewayNewImpl.sol
DA:29,0
FN:29,UpgradeGatewayNewImpl.run
FNDA:0,UpgradeGatewayNewImpl.run
DA:30,0
DA:33,0
DA:36,0
DA:39,0
DA:42,0
DA:44,0
DA:47,0
DA:50,0
FN:50,UpgradeGatewayNewImpl._loadUpgradeConfig
FNDA:0,UpgradeGatewayNewImpl._loadUpgradeConfig
DA:51,0
DA:52,0
BRDA:52,0,0,-
BRDA:52,0,1,-
DA:53,0
BRDA:53,1,0,-
BRDA:53,1,1,-
DA:54,0
DA:55,0
DA:56,0
DA:59,0
FN:59,UpgradeGatewayNewImpl._deployNewImplementation
FNDA:0,UpgradeGatewayNewImpl._deployNewImplementation
DA:60,0
DA:63,0
DA:64,0
DA:66,0
DA:69,0
FN:69,UpgradeGatewayNewImpl._upgradeProxy
FNDA:0,UpgradeGatewayNewImpl._upgradeProxy
DA:70,0
DA:73,0
DA:76,0
DA:78,0
DA:81,0
DA:83,0
DA:84,0
DA:87,0
FN:87,UpgradeGatewayNewImpl._logUpgradeSummary
FNDA:0,UpgradeGatewayNewImpl._logUpgradeSummary
DA:88,0
DA:89,0
DA:90,0
DA:91,0
DA:92,0
DA:93,0
DA:94,0
DA:95,0
DA:96,0
DA:97,0
DA:101,0
FN:101,UpgradeGatewayNewImpl.verifyUpgrade
FNDA:0,UpgradeGatewayNewImpl.verifyUpgrade
DA:102,0
BRDA:102,2,0,-
BRDA:102,2,1,-
DA:106,0
FNF:6
FNH:0
LF:42
LH:0
BRF:6
BRH:0
end_of_record
TN:
SF:src/UniversalGateway.sol
DA:108,119
FN:108,UniversalGateway.initialize
FNDA:119,UniversalGateway.initialize
DA:118,119
DA:119,119
DA:120,119
DA:121,119
BRDA:121,0,0,-
DA:123,0
DA:124,0
DA:125,0
DA:126,0
DA:128,119
DA:129,119
DA:130,119
DA:132,119
DA:133,119
DA:134,119
DA:136,119
DA:137,119
BRDA:137,1,0,-
DA:138,0
DA:139,0
DA:143,119
DA:146,119
DA:147,119
DA:151,12
FN:151,UniversalGateway.onlyTSS
FNDA:12,UniversalGateway.onlyTSS
DA:152,12
BRDA:152,2,0,1
DA:159,20
FN:159,UniversalGateway.pause
FNDA:20,UniversalGateway.pause
DA:160,0
DA:163,3
FN:163,UniversalGateway.unpause
FNDA:3,UniversalGateway.unpause
DA:164,0
DA:170,5
FN:170,UniversalGateway.setTSSAddress
FNDA:5,UniversalGateway.setTSSAddress
DA:171,3
BRDA:171,3,0,1
DA:172,2
DA:175,2
BRDA:175,4,0,2
DA:176,2
DA:178,2
DA:179,2
DA:185,8
FN:185,UniversalGateway.setCapsUSD
FNDA:8,UniversalGateway.setCapsUSD
DA:186,5
BRDA:186,5,0,1
DA:188,4
DA:189,4
DA:190,4
DA:195,5
FN:195,UniversalGateway.setDefaultSwapDeadline
FNDA:5,UniversalGateway.setDefaultSwapDeadline
DA:196,2
BRDA:196,6,0,1
DA:197,1
DA:198,1
DA:204,24
FN:204,UniversalGateway.setRouters
FNDA:24,UniversalGateway.setRouters
DA:205,21
BRDA:205,7,0,2
DA:206,19
DA:207,19
DA:214,22
FN:214,UniversalGateway.modifySupportForToken
FNDA:22,UniversalGateway.modifySupportForToken
DA:215,20
BRDA:215,8,0,1
DA:216,19
DA:217,88
DA:218,88
DA:226,21
FN:226,UniversalGateway.setV3FeeOrder
FNDA:21,UniversalGateway.setV3FeeOrder
DA:228,18
DA:229,18
DA:233,127
FN:233,UniversalGateway.setEthUsdFeed
FNDA:127,UniversalGateway.setEthUsdFeed
DA:234,125
BRDA:234,9,0,1
DA:235,124
DA:237,124
DA:238,124
DA:239,124
DA:240,124
DA:245,8
FN:245,UniversalGateway.setChainlinkStalePeriod
FNDA:8,UniversalGateway.setChainlinkStalePeriod
DA:246,5
DA:247,5
DA:252,9
FN:252,UniversalGateway.setL2SequencerFeed
FNDA:9,UniversalGateway.setL2SequencerFeed
DA:253,6
DA:254,6
DA:259,4
FN:259,UniversalGateway.setL2SequencerGracePeriod
FNDA:4,UniversalGateway.setL2SequencerGracePeriod
DA:260,1
DA:261,1
DA:269,26
FN:269,UniversalGateway.sendTxWithGas.0
FNDA:26,UniversalGateway.sendTxWithGas.0
DA:275,26
DA:276,17
DA:277,26
DA:281,9
FN:281,UniversalGateway.sendTxWithGas.1
FNDA:9,UniversalGateway.sendTxWithGas.1
DA:289,9
BRDA:289,10,0,1
DA:290,8
BRDA:290,11,0,1
DA:291,7
BRDA:291,12,0,1
DA:293,6
BRDA:293,13,0,1
DA:296,5
DA:299,1
DA:300,5
DA:316,21
FN:316,UniversalGateway._sendTxWithGas
FNDA:21,UniversalGateway._sendTxWithGas
DA:323,21
BRDA:323,14,0,-
DA:325,21
DA:341,25
FN:341,UniversalGateway.sendFunds
FNDA:25,UniversalGateway.sendFunds
DA:347,25
BRDA:347,15,0,1
DA:349,24
BRDA:349,16,0,7
BRDA:349,16,1,2
DA:351,7
BRDA:351,17,0,2
DA:352,5
DA:354,17
BRDA:354,18,0,2
DA:355,15
DA:358,5
DA:370,0
FN:370,UniversalGateway.sendTxWithFunds.0
FNDA:0,UniversalGateway.sendTxWithFunds.0
DA:376,0
BRDA:376,19,0,-
DA:377,0
DA:378,0
BRDA:378,20,0,-
DA:381,0
DA:382,0
DA:383,0
DA:392,0
DA:393,0
DA:405,9
FN:405,UniversalGateway.sendTxWithFunds.1
FNDA:9,UniversalGateway.sendTxWithFunds.1
DA:415,9
BRDA:415,21,0,1
DA:416,8
BRDA:416,22,0,1
DA:417,7
BRDA:417,23,0,1
DA:420,6
DA:422,3
DA:423,3
DA:425,3
DA:433,3
DA:434,6
DA:455,21
FN:455,UniversalGateway._sendTxWithFunds
FNDA:21,UniversalGateway._sendTxWithFunds
DA:464,21
BRDA:464,24,0,-
DA:466,21
BRDA:466,25,0,2
DA:468,2
DA:469,0
DA:470,0
BRDA:470,26,0,-
DA:471,0
DA:475,21
DA:491,11
FN:491,UniversalGateway.withdrawFunds
FNDA:11,UniversalGateway.withdrawFunds
DA:496,11
BRDA:496,27,0,1
DA:497,10
BRDA:497,28,0,1
DA:499,9
BRDA:499,29,0,5
BRDA:499,29,1,4
DA:500,5
DA:502,4
DA:505,9
DA:509,7
FN:509,UniversalGateway.revertWithdrawFunds
FNDA:7,UniversalGateway.revertWithdrawFunds
DA:514,7
BRDA:514,30,0,1
DA:515,6
BRDA:515,31,0,1
DA:517,5
BRDA:517,32,0,3
BRDA:517,32,1,2
DA:518,3
DA:520,2
DA:523,5
DA:534,5
FN:534,UniversalGateway.getMinMaxValueForNative
FNDA:5,UniversalGateway.getMinMaxValueForNative
DA:535,5
DA:539,5
DA:540,5
DA:551,51
FN:551,UniversalGateway.getEthUsdPrice
FNDA:51,UniversalGateway.getEthUsdPrice
DA:552,51
BRDA:552,33,0,-
DA:555,51
BRDA:555,34,0,-
DA:556,0
DA:562,0
DA:565,0
BRDA:565,35,0,-
DA:568,0
BRDA:568,36,0,-
DA:569,0
DA:573,51
DA:579,51
DA:582,51
BRDA:582,37,0,3
DA:583,48
BRDA:583,38,0,-
DA:584,48
BRDA:584,39,0,1
DA:585,1
DA:588,47
DA:590,47
BRDA:590,40,0,-
DA:591,0
BRDA:591,41,0,-
DA:592,0
DA:593,0
BRDA:593,41,1,-
DA:595,0
DA:599,47
DA:602,47
BRDA:602,42,0,-
DA:603,47
DA:605,47
DA:614,44
FN:614,UniversalGateway.quoteEthAmountInUsd1e18
FNDA:44,UniversalGateway.quoteEthAmountInUsd1e18
DA:615,44
DA:616,42
DA:619,42
DA:629,36
FN:629,UniversalGateway._checkUSDCaps
FNDA:36,UniversalGateway._checkUSDCaps
DA:630,36
DA:631,32
BRDA:631,44,0,5
DA:632,27
BRDA:632,45,0,4
DA:636,26
FN:636,UniversalGateway._handleNativeDeposit
FNDA:26,UniversalGateway._handleNativeDeposit
DA:637,26
DA:638,26
BRDA:638,46,0,-
DA:639,0
DA:646,18
FN:646,UniversalGateway._handleTokenDeposit
FNDA:18,UniversalGateway._handleTokenDeposit
DA:647,18
BRDA:647,47,0,2
DA:648,16
DA:652,8
FN:652,UniversalGateway._handleNativeWithdraw
FNDA:8,UniversalGateway._handleNativeWithdraw
DA:653,8
DA:654,8
BRDA:654,48,0,2
DA:662,6
FN:662,UniversalGateway._handleTokenWithdraw
FNDA:6,UniversalGateway._handleTokenWithdraw
DA:666,6
BRDA:666,49,0,1
DA:667,5
DA:680,11
FN:680,UniversalGateway.swapToNative
FNDA:11,UniversalGateway.swapToNative
DA:686,11
BRDA:686,50,0,-
DA:688,11
BRDA:688,51,0,-
BRDA:688,51,1,-
DA:689,0
DA:690,11
BRDA:690,52,0,-
DA:691,0
DA:693,11
BRDA:693,53,0,-
DA:695,11
BRDA:695,54,0,3
DA:697,3
DA:699,3
DA:700,3
DA:701,3
DA:704,3
BRDA:704,55,0,-
DA:705,3
DA:709,8
DA:713,5
DA:714,3
DA:717,8
DA:728,8
DA:731,3
DA:734,3
DA:735,3
DA:736,3
DA:739,3
BRDA:739,56,0,-
DA:741,3
DA:746,8
FN:746,UniversalGateway._findV3PoolWithNative
FNDA:8,UniversalGateway._findV3PoolWithNative
DA:749,8
BRDA:749,57,0,-
DA:750,8
BRDA:750,58,0,-
DA:752,0
DA:756,8
DA:757,14
DA:758,14
DA:759,14
BRDA:759,59,0,5
DA:760,5
DA:766,3
DA:775,6
FN:775,UniversalGateway.receive
FNDA:6,UniversalGateway.receive
DA:777,6
BRDA:777,60,0,-
FNF:34
FNH:33
LF:222
LH:189
BRF:65
BRH:38
end_of_record
TN:
SF:src/UniversalGatewayV0.sol
DA:113,0
FN:113,UniversalGatewayV0.initialize
FNDA:0,UniversalGatewayV0.initialize
DA:126,0
DA:127,0
DA:128,0
DA:129,0
BRDA:129,0,0,-
DA:131,0
DA:132,0
DA:133,0
DA:134,0
DA:136,0
DA:137,0
DA:138,0
DA:140,0
DA:141,0
DA:142,0
DA:144,0
DA:145,0
BRDA:145,1,0,-
DA:146,0
DA:147,0
DA:151,0
DA:154,0
DA:155,0
DA:156,0
DA:157,0
DA:159,0
DA:163,0
FN:163,UniversalGatewayV0.onlyTSS
FNDA:0,UniversalGatewayV0.onlyTSS
DA:164,0
BRDA:164,2,0,-
DA:168,0
FN:168,UniversalGatewayV0.version
FNDA:0,UniversalGatewayV0.version
DA:169,0
DA:175,0
FN:175,UniversalGatewayV0.pause
FNDA:0,UniversalGatewayV0.pause
DA:176,0
DA:179,0
FN:179,UniversalGatewayV0.unpause
FNDA:0,UniversalGatewayV0.unpause
DA:180,0
DA:186,0
FN:186,UniversalGatewayV0.setTSSAddress
FNDA:0,UniversalGatewayV0.setTSSAddress
DA:187,0
BRDA:187,3,0,-
DA:188,0
DA:191,0
BRDA:191,4,0,-
DA:192,0
DA:194,0
DA:195,0
DA:201,0
FN:201,UniversalGatewayV0.setCapsUSD
FNDA:0,UniversalGatewayV0.setCapsUSD
DA:202,0
BRDA:202,5,0,-
DA:204,0
DA:205,0
DA:206,0
DA:211,0
FN:211,UniversalGatewayV0.setDefaultSwapDeadline
FNDA:0,UniversalGatewayV0.setDefaultSwapDeadline
DA:212,0
BRDA:212,6,0,-
DA:213,0
DA:214,0
DA:220,0
FN:220,UniversalGatewayV0.setRouters
FNDA:0,UniversalGatewayV0.setRouters
DA:221,0
BRDA:221,7,0,-
DA:222,0
DA:223,0
DA:230,0
FN:230,UniversalGatewayV0.modifySupportForToken
FNDA:0,UniversalGatewayV0.modifySupportForToken
DA:231,0
BRDA:231,8,0,-
DA:232,0
DA:233,0
DA:234,0
DA:242,0
FN:242,UniversalGatewayV0.setV3FeeOrder
FNDA:0,UniversalGatewayV0.setV3FeeOrder
DA:244,0
DA:245,0
DA:249,0
FN:249,UniversalGatewayV0.setEthUsdFeed
FNDA:0,UniversalGatewayV0.setEthUsdFeed
DA:250,0
BRDA:250,9,0,-
DA:251,0
DA:253,0
DA:254,0
DA:255,0
DA:256,0
DA:261,0
FN:261,UniversalGatewayV0.setChainlinkStalePeriod
FNDA:0,UniversalGatewayV0.setChainlinkStalePeriod
DA:262,0
DA:263,0
DA:268,0
FN:268,UniversalGatewayV0.setL2SequencerFeed
FNDA:0,UniversalGatewayV0.setL2SequencerFeed
DA:269,0
DA:270,0
DA:275,0
FN:275,UniversalGatewayV0.setL2SequencerGracePeriod
FNDA:0,UniversalGatewayV0.setL2SequencerGracePeriod
DA:276,0
DA:277,0
DA:298,0
FN:298,UniversalGatewayV0.addFunds
FNDA:0,UniversalGatewayV0.addFunds
DA:299,0
DA:302,0
FN:302,UniversalGatewayV0._addFunds
FNDA:0,UniversalGatewayV0._addFunds
DA:305,0
DA:306,0
DA:307,0
DA:310,0
DA:313,0
DA:314,0
DA:315,0
DA:316,0
DA:318,0
DA:328,0
DA:331,0
DA:332,0
DA:333,0
DA:334,0
DA:336,0
DA:341,0
DA:346,0
FN:346,UniversalGatewayV0.sendTxWithGas.0
FNDA:0,UniversalGatewayV0.sendTxWithGas.0
DA:352,0
DA:353,0
DA:354,0
DA:359,0
FN:359,UniversalGatewayV0.sendTxWithGas.1
FNDA:0,UniversalGatewayV0.sendTxWithGas.1
DA:367,0
BRDA:367,10,0,-
DA:368,0
BRDA:368,11,0,-
DA:369,0
BRDA:369,12,0,-
DA:371,0
BRDA:371,13,0,-
DA:374,0
DA:377,0
DA:378,0
DA:394,0
FN:394,UniversalGatewayV0._sendTxWithGas
FNDA:0,UniversalGatewayV0._sendTxWithGas
DA:401,0
BRDA:401,14,0,-
DA:403,0
DA:417,0
FN:417,UniversalGatewayV0.sendFunds
FNDA:0,UniversalGatewayV0.sendFunds
DA:423,0
BRDA:423,15,0,-
DA:425,0
BRDA:425,16,0,-
BRDA:425,16,1,-
DA:427,0
BRDA:427,17,0,-
DA:428,0
DA:430,0
BRDA:430,18,0,-
DA:431,0
DA:434,0
DA:447,0
FN:447,UniversalGatewayV0.sendTxWithFunds.0
FNDA:0,UniversalGatewayV0.sendTxWithFunds.0
DA:454,0
BRDA:454,19,0,-
DA:455,0
DA:456,0
BRDA:456,20,0,-
DA:460,0
DA:463,0
DA:464,0
DA:478,0
FN:478,UniversalGatewayV0.sendTxWithFunds.1
FNDA:0,UniversalGatewayV0.sendTxWithFunds.1
DA:489,0
BRDA:489,21,0,-
DA:490,0
BRDA:490,22,0,-
DA:491,0
BRDA:491,23,0,-
DA:494,0
DA:497,0
DA:499,0
DA:500,0
DA:522,0
FN:522,UniversalGatewayV0._sendTxWithFunds
FNDA:0,UniversalGatewayV0._sendTxWithFunds
DA:532,0
BRDA:532,24,0,-
DA:534,0
BRDA:534,25,0,-
DA:536,0
DA:537,0
DA:538,0
BRDA:538,26,0,-
DA:539,0
DA:543,0
DA:560,0
FN:560,UniversalGatewayV0.withdrawFunds
FNDA:0,UniversalGatewayV0.withdrawFunds
DA:565,0
BRDA:565,27,0,-
DA:566,0
BRDA:566,28,0,-
DA:568,0
BRDA:568,29,0,-
BRDA:568,29,1,-
DA:569,0
DA:571,0
DA:574,0
DA:578,0
FN:578,UniversalGatewayV0.revertWithdrawFunds
FNDA:0,UniversalGatewayV0.revertWithdrawFunds
DA:583,0
BRDA:583,30,0,-
DA:584,0
BRDA:584,31,0,-
DA:586,0
BRDA:586,32,0,-
BRDA:586,32,1,-
DA:587,0
DA:589,0
DA:592,0
DA:603,0
FN:603,UniversalGatewayV0.getMinMaxValueForNative
FNDA:0,UniversalGatewayV0.getMinMaxValueForNative
DA:604,0
DA:608,0
DA:609,0
DA:620,0
FN:620,UniversalGatewayV0.getEthUsdPrice
FNDA:0,UniversalGatewayV0.getEthUsdPrice
DA:621,0
BRDA:621,33,0,-
DA:624,0
BRDA:624,34,0,-
DA:625,0
DA:631,0
DA:634,0
BRDA:634,35,0,-
DA:637,0
BRDA:637,36,0,-
DA:638,0
DA:642,0
DA:648,0
DA:651,0
BRDA:651,37,0,-
DA:652,0
BRDA:652,38,0,-
DA:653,0
BRDA:653,39,0,-
DA:654,0
DA:657,0
DA:660,0
BRDA:660,40,0,-
DA:661,0
BRDA:661,41,0,-
DA:662,0
DA:663,0
BRDA:663,41,1,-
DA:665,0
DA:670,0
DA:673,0
BRDA:673,42,0,-
DA:674,0
DA:676,0
DA:680,0
FN:680,UniversalGatewayV0.getEthUsdPrice_old
FNDA:0,UniversalGatewayV0.getEthUsdPrice_old
DA:681,0
DA:682,0
DA:684,0
BRDA:684,43,0,-
BRDA:684,43,1,-
DA:685,0
DA:693,0
FN:693,UniversalGatewayV0.quoteEthAmountInUsd1e18
FNDA:0,UniversalGatewayV0.quoteEthAmountInUsd1e18
DA:694,0
DA:695,0
DA:698,0
DA:708,0
FN:708,UniversalGatewayV0._checkUSDCaps
FNDA:0,UniversalGatewayV0._checkUSDCaps
DA:709,0
DA:710,0
BRDA:710,45,0,-
DA:711,0
BRDA:711,46,0,-
DA:715,0
FN:715,UniversalGatewayV0._handleNativeDeposit
FNDA:0,UniversalGatewayV0._handleNativeDeposit
DA:716,0
DA:717,0
BRDA:717,47,0,-
DA:718,0
DA:725,0
FN:725,UniversalGatewayV0._handleTokenDeposit
FNDA:0,UniversalGatewayV0._handleTokenDeposit
DA:726,0
BRDA:726,48,0,-
DA:727,0
DA:731,0
FN:731,UniversalGatewayV0._handleNativeWithdraw
FNDA:0,UniversalGatewayV0._handleNativeWithdraw
DA:732,0
DA:733,0
BRDA:733,49,0,-
DA:741,0
FN:741,UniversalGatewayV0._handleTokenWithdraw
FNDA:0,UniversalGatewayV0._handleTokenWithdraw
DA:745,0
BRDA:745,50,0,-
DA:746,0
DA:759,0
FN:759,UniversalGatewayV0.swapToNative
FNDA:0,UniversalGatewayV0.swapToNative
DA:765,0
BRDA:765,51,0,-
DA:767,0
BRDA:767,52,0,-
BRDA:767,52,1,-
DA:768,0
DA:769,0
BRDA:769,53,0,-
DA:770,0
DA:772,0
BRDA:772,54,0,-
DA:774,0
BRDA:774,55,0,-
DA:776,0
DA:778,0
DA:779,0
DA:780,0
DA:783,0
BRDA:783,56,0,-
DA:784,0
DA:788,0
DA:792,0
DA:793,0
DA:796,0
DA:807,0
DA:810,0
DA:813,0
DA:814,0
DA:815,0
DA:818,0
BRDA:818,57,0,-
DA:825,0
FN:825,UniversalGatewayV0._findV3PoolWithNative
FNDA:0,UniversalGatewayV0._findV3PoolWithNative
DA:828,0
BRDA:828,58,0,-
DA:829,0
BRDA:829,59,0,-
DA:831,0
DA:835,0
DA:836,0
DA:837,0
DA:838,0
BRDA:838,60,0,-
DA:839,0
DA:845,0
DA:854,0
FN:854,UniversalGatewayV0.receive
FNDA:0,UniversalGatewayV0.receive
DA:856,0
BRDA:856,61,0,-
FNF:38
FNH:0
LF:246
LH:0
BRF:67
BRH:0
end_of_record
TN:
SF:test/BaseTest.t.sol
DA:85,102
FN:85,BaseTest.setUp
FNDA:102,BaseTest.setUp
DA:86,0
DA:87,0
DA:88,0
DA:89,0
DA:90,0
DA:91,0
DA:92,0
DA:93,0
DA:94,0
DA:100,102
FN:100,BaseTest._createActors
FNDA:102,BaseTest._createActors
DA:101,102
DA:102,102
DA:103,102
DA:104,102
DA:105,102
DA:106,102
DA:107,102
DA:108,102
DA:109,102
DA:110,102
DA:112,102
DA:113,102
DA:114,102
DA:115,102
DA:116,102
DA:117,102
DA:118,102
DA:119,102
DA:120,102
DA:121,102
DA:125,102
FN:125,BaseTest._fundActors
FNDA:102,BaseTest._fundActors
DA:126,102
DA:127,102
DA:128,102
DA:129,102
DA:130,102
DA:131,102
DA:132,102
DA:139,102
FN:139,BaseTest._deployMocks
FNDA:102,BaseTest._deployMocks
DA:140,102
DA:141,102
DA:142,102
DA:144,102
DA:145,102
DA:146,102
DA:152,102
FN:152,BaseTest._deployUniswapPlaceholders
FNDA:102,BaseTest._deployUniswapPlaceholders
DA:155,102
DA:156,102
DA:162,102
FN:162,BaseTest._deployGateway
FNDA:102,BaseTest._deployGateway
DA:164,102
DA:167,102
DA:170,102
DA:182,102
DA:189,102
DA:191,102
DA:192,102
DA:193,102
DA:196,102
FN:196,BaseTest._initializeGateway
FNDA:102,BaseTest._initializeGateway
DA:199,102
DA:200,102
DA:201,102
DA:202,102
DA:208,102
FN:208,BaseTest._deployOracles
FNDA:102,BaseTest._deployOracles
DA:209,102
DA:211,102
DA:214,102
DA:216,102
DA:219,102
FN:219,BaseTest._wireOraclesToGateway
FNDA:102,BaseTest._wireOraclesToGateway
DA:221,102
DA:222,102
DA:227,0
FN:227,BaseTest.setEthUsdPrice1e8
FNDA:0,BaseTest.setEthUsdPrice1e8
DA:228,0
DA:231,0
FN:231,BaseTest.setChainlinkStalePeriod
FNDA:0,BaseTest.setChainlinkStalePeriod
DA:232,0
DA:233,0
DA:236,0
FN:236,BaseTest.enableSequencerFeed
FNDA:0,BaseTest.enableSequencerFeed
DA:237,0
DA:238,0
DA:241,0
FN:241,BaseTest.setSequencerStatusDown
FNDA:0,BaseTest.setSequencerStatusDown
DA:242,0
DA:245,0
FN:245,BaseTest.setSequencerGracePeriod
FNDA:0,BaseTest.setSequencerGracePeriod
DA:246,0
DA:247,0
DA:253,102
FN:253,BaseTest._mintAndApproveTokens
FNDA:102,BaseTest._mintAndApproveTokens
DA:254,102
DA:255,102
DA:256,102
DA:257,102
DA:258,102
DA:259,102
DA:262,102
DA:263,510
DA:267,102
DA:268,510
DA:272,102
DA:273,510
DA:274,510
DA:275,510
DA:282,0
FN:282,BaseTest.buildMinimalPayload
FNDA:0,BaseTest.buildMinimalPayload
DA:287,0
DA:298,0
DA:301,14
FN:301,BaseTest.buildValuePayload
FNDA:14,BaseTest.buildValuePayload
DA:306,14
DA:317,14
DA:320,29
FN:320,BaseTest.revertCfg
FNDA:29,BaseTest.revertCfg
DA:321,29
DA:330,1020
FN:330,BaseTest.mintAndApprove
FNDA:1020,BaseTest.mintAndApprove
DA:332,1020
BRDA:332,0,0,510
BRDA:332,0,1,-
DA:333,510
DA:334,510
BRDA:334,1,0,510
BRDA:334,1,1,-
DA:335,510
DA:337,0
DA:341,1020
DA:342,1020
DA:345,510
FN:345,BaseTest.mintWETH
FNDA:510,BaseTest.mintWETH
DA:346,510
DA:347,510
DA:348,510
DA:355,0
FN:355,BaseTest.setV3FeeOrder
FNDA:0,BaseTest.setV3FeeOrder
DA:356,0
DA:357,0
DA:360,0
FN:360,BaseTest.setRouters
FNDA:0,BaseTest.setRouters
DA:361,0
DA:362,0
DA:365,0
FN:365,BaseTest.setCaps
FNDA:0,BaseTest.setCaps
DA:366,0
DA:367,0
DA:370,0
FN:370,BaseTest.toggleSupport
FNDA:0,BaseTest.toggleSupport
DA:371,0
DA:372,0
DA:373,0
DA:374,0
DA:376,0
DA:377,0
DA:383,0
FN:383,BaseTest.recordAndGetLogs
FNDA:0,BaseTest.recordAndGetLogs
DA:384,0
DA:385,0
DA:388,0
FN:388,BaseTest.assertDualEmitOrder
FNDA:0,BaseTest.assertDualEmitOrder
DA:389,0
DA:390,0
DA:392,0
DA:393,0
BRDA:393,2,0,-
DA:394,0
DA:396,0
BRDA:396,3,0,-
DA:397,0
DA:398,0
BRDA:398,4,0,-
BRDA:398,4,1,-
DA:402,0
BRDA:402,5,0,-
BRDA:402,5,1,-
FNF:26
FNH:14
LF:148
LH:93
BRF:10
BRH:2
end_of_record
TN:
SF:test/mocks/MockAggregatorV3.sol
DA:9,105
FN:9,MockAggregatorV3.constructor
FNDA:105,MockAggregatorV3.constructor
DA:10,105
DA:11,105
DA:12,105
DA:13,105
DA:16,107
FN:16,MockAggregatorV3.setAnswer
FNDA:107,MockAggregatorV3.setAnswer
DA:17,107
DA:18,107
DA:19,107
DA:20,107
DA:23,103
FN:23,MockAggregatorV3.decimals
FNDA:103,MockAggregatorV3.decimals
DA:24,103
DA:27,27
FN:27,MockAggregatorV3.latestRoundData
FNDA:27,MockAggregatorV3.latestRoundData
DA:38,27
FNF:4
FNH:4
LF:14
LH:14
BRF:0
BRH:0
end_of_record
TN:
SF:test/mocks/MockERC20.sol
DA:30,206
FN:30,MockERC20.constructor
FNDA:206,MockERC20.constructor
DA:36,206
DA:37,206
BRDA:37,0,0,-
DA:38,0
DA:45,0
FN:45,MockERC20.decimals
FNDA:0,MockERC20.decimals
DA:46,0
DA:54,1058
FN:54,MockERC20.mint
FNDA:1058,MockERC20.mint
DA:55,1058
BRDA:55,1,0,-
BRDA:55,1,1,-
DA:56,1058
BRDA:56,2,0,-
BRDA:56,2,1,-
DA:57,1058
DA:65,0
FN:65,MockERC20.burn.0
FNDA:0,MockERC20.burn.0
DA:66,0
BRDA:66,3,0,-
BRDA:66,3,1,-
DA:67,0
BRDA:67,4,0,-
BRDA:67,4,1,-
DA:68,0
DA:75,0
FN:75,MockERC20.burn.1
FNDA:0,MockERC20.burn.1
DA:76,0
BRDA:76,5,0,-
BRDA:76,5,1,-
DA:77,0
BRDA:77,6,0,-
BRDA:77,6,1,-
DA:78,0
DA:84,5
FN:84,MockERC20.transfer
FNDA:5,MockERC20.transfer
DA:85,5
BRDA:85,7,0,-
BRDA:85,7,1,-
DA:86,5
BRDA:86,8,0,-
BRDA:86,8,1,-
DA:87,5
BRDA:87,9,0,-
BRDA:87,9,1,-
DA:88,5
DA:94,0
FN:94,MockERC20.transferFrom
FNDA:0,MockERC20.transferFrom
DA:95,0
BRDA:95,10,0,-
BRDA:95,10,1,-
DA:96,0
BRDA:96,11,0,-
BRDA:96,11,1,-
DA:97,0
BRDA:97,12,0,-
BRDA:97,12,1,-
DA:98,0
DA:104,0
FN:104,MockERC20.pauseTransfers
FNDA:0,MockERC20.pauseTransfers
DA:105,0
DA:106,0
DA:112,0
FN:112,MockERC20.unpauseTransfers
FNDA:0,MockERC20.unpauseTransfers
DA:113,0
DA:114,0
DA:120,0
FN:120,MockERC20.pauseMinting
FNDA:0,MockERC20.pauseMinting
DA:121,0
DA:122,0
DA:128,0
FN:128,MockERC20.unpauseMinting
FNDA:0,MockERC20.unpauseMinting
DA:129,0
DA:130,0
DA:136,0
FN:136,MockERC20.pauseBurning
FNDA:0,MockERC20.pauseBurning
DA:137,0
DA:138,0
DA:144,0
FN:144,MockERC20.unpauseBurning
FNDA:0,MockERC20.unpauseBurning
DA:145,0
DA:146,0
DA:153,0
FN:153,MockERC20.blacklist
FNDA:0,MockERC20.blacklist
DA:154,0
DA:155,0
DA:162,0
FN:162,MockERC20.unblacklist
FNDA:0,MockERC20.unblacklist
DA:163,0
DA:164,0
DA:172,0
FN:172,MockERC20.isBlacklisted
FNDA:0,MockERC20.isBlacklisted
DA:173,0
DA:182,0
FN:182,MockERC20.simulateTransferFailure
FNDA:0,MockERC20.simulateTransferFailure
DA:184,0
DA:193,0
FN:193,MockERC20.simulateApprovalFailure
FNDA:0,MockERC20.simulateApprovalFailure
DA:195,0
DA:203,0
FN:203,MockERC20.forceSetBalance
FNDA:0,MockERC20.forceSetBalance
DA:204,0
DA:205,0
BRDA:205,13,0,-
BRDA:205,13,1,-
DA:206,0
DA:207,0
BRDA:207,14,0,-
DA:208,0
DA:218,0
FN:218,MockERC20.forceSetAllowance
FNDA:0,MockERC20.forceSetAllowance
DA:219,0
DA:226,0
FN:226,MockERC20.getTotalSupplyString
FNDA:0,MockERC20.getTotalSupplyString
DA:227,0
DA:233,0
FN:233,MockERC20._toString
FNDA:0,MockERC20._toString
DA:234,0
BRDA:234,15,0,-
DA:235,0
DA:237,0
DA:238,0
DA:239,0
DA:240,0
DA:241,0
DA:243,0
DA:244,0
DA:245,0
DA:246,0
DA:247,0
DA:249,0
FNF:22
FNH:3
LF:82
LH:12
BRF:29
BRH:0
end_of_record
TN:
SF:test/mocks/MockSequencerUptimeFeed.sol
DA:8,103
FN:8,MockSequencerUptimeFeed.setStatus
FNDA:103,MockSequencerUptimeFeed.setStatus
DA:9,103
DA:10,103
DA:11,103
DA:14,0
FN:14,MockSequencerUptimeFeed.decimals
FNDA:0,MockSequencerUptimeFeed.decimals
DA:15,0
DA:18,0
FN:18,MockSequencerUptimeFeed.latestRoundData
FNDA:0,MockSequencerUptimeFeed.latestRoundData
DA:29,0
FNF:3
FNH:1
LF:8
LH:4
BRF:0
BRH:0
end_of_record
TN:
SF:test/mocks/MockWETH.sol
DA:44,0
FN:44,MockWETH.decimals
FNDA:0,MockWETH.decimals
DA:45,0
DA:51,510
FN:51,MockWETH.deposit
FNDA:510,MockWETH.deposit
DA:52,510
BRDA:52,0,0,-
BRDA:52,0,1,-
DA:53,510
BRDA:53,1,0,-
BRDA:53,1,1,-
DA:54,510
BRDA:54,2,0,-
BRDA:54,2,1,-
DA:56,510
DA:57,510
DA:64,0
FN:64,MockWETH.withdraw
FNDA:0,MockWETH.withdraw
DA:65,0
BRDA:65,3,0,-
BRDA:65,3,1,-
DA:66,0
BRDA:66,4,0,-
BRDA:66,4,1,-
DA:67,0
BRDA:67,5,0,-
BRDA:67,5,1,-
DA:68,0
BRDA:68,6,0,-
BRDA:68,6,1,-
DA:70,0
DA:74,0
DA:83,510
FN:83,MockWETH.transfer
FNDA:510,MockWETH.transfer
DA:84,510
BRDA:84,7,0,-
BRDA:84,7,1,-
DA:85,510
BRDA:85,8,0,-
BRDA:85,8,1,-
DA:86,510
BRDA:86,9,0,-
BRDA:86,9,1,-
DA:87,510
DA:93,0
FN:93,MockWETH.transferFrom
FNDA:0,MockWETH.transferFrom
DA:94,0
BRDA:94,10,0,-
BRDA:94,10,1,-
DA:95,0
BRDA:95,11,0,-
BRDA:95,11,1,-
DA:96,0
BRDA:96,12,0,-
BRDA:96,12,1,-
DA:97,0
DA:105,0
FN:105,MockWETH.mint
FNDA:0,MockWETH.mint
DA:106,0
BRDA:106,13,0,-
BRDA:106,13,1,-
DA:107,0
DA:115,0
FN:115,MockWETH.burn.0
FNDA:0,MockWETH.burn.0
DA:116,0
BRDA:116,14,0,-
BRDA:116,14,1,-
DA:117,0
DA:124,0
FN:124,MockWETH.burn.1
FNDA:0,MockWETH.burn.1
DA:125,0
BRDA:125,15,0,-
BRDA:125,15,1,-
DA:126,0
DA:132,0
FN:132,MockWETH.pauseDeposits
FNDA:0,MockWETH.pauseDeposits
DA:133,0
DA:134,0
DA:140,0
FN:140,MockWETH.unpauseDeposits
FNDA:0,MockWETH.unpauseDeposits
DA:141,0
DA:142,0
DA:148,0
FN:148,MockWETH.pauseWithdrawals
FNDA:0,MockWETH.pauseWithdrawals
DA:149,0
DA:150,0
DA:156,0
FN:156,MockWETH.unpauseWithdrawals
FNDA:0,MockWETH.unpauseWithdrawals
DA:157,0
DA:158,0
DA:164,0
FN:164,MockWETH.pauseTransfers
FNDA:0,MockWETH.pauseTransfers
DA:165,0
DA:166,0
DA:172,0
FN:172,MockWETH.unpauseTransfers
FNDA:0,MockWETH.unpauseTransfers
DA:173,0
DA:174,0
DA:181,0
FN:181,MockWETH.blacklist
FNDA:0,MockWETH.blacklist
DA:182,0
DA:183,0
DA:190,0
FN:190,MockWETH.unblacklist
FNDA:0,MockWETH.unblacklist
DA:191,0
DA:192,0
DA:200,0
FN:200,MockWETH.isBlacklisted
FNDA:0,MockWETH.isBlacklisted
DA:201,0
DA:207,0
FN:207,MockWETH.simulateDepositFailure
FNDA:0,MockWETH.simulateDepositFailure
DA:208,0
DA:214,0
FN:214,MockWETH.simulateWithdrawalFailure
FNDA:0,MockWETH.simulateWithdrawalFailure
DA:215,0
DA:223,0
FN:223,MockWETH.forceSetBalance
FNDA:0,MockWETH.forceSetBalance
DA:224,0
DA:225,0
BRDA:225,16,0,-
BRDA:225,16,1,-
DA:226,0
DA:227,0
BRDA:227,17,0,-
DA:228,0
DA:238,0
FN:238,MockWETH.forceSetAllowance
FNDA:0,MockWETH.forceSetAllowance
DA:239,0
DA:247,0
FN:247,MockWETH.getETHBalance
FNDA:0,MockWETH.getETHBalance
DA:248,0
DA:256,0
FN:256,MockWETH.wethToEth
FNDA:0,MockWETH.wethToEth
DA:257,0
DA:265,0
FN:265,MockWETH.ethToWeth
FNDA:0,MockWETH.ethToWeth
DA:266,0
DA:273,0
FN:273,MockWETH.getTotalSupplyInETH
FNDA:0,MockWETH.getTotalSupplyInETH
DA:274,0
DA:282,0
FN:282,MockWETH.simulateETHTransfer
FNDA:0,MockWETH.simulateETHTransfer
DA:283,0
BRDA:283,18,0,-
BRDA:283,18,1,-
DA:284,0
DA:285,0
DA:292,0
FN:292,MockWETH.getContractInfo
FNDA:0,MockWETH.getContractInfo
DA:293,0
DA:307,0
FN:307,MockWETH._toString
FNDA:0,MockWETH._toString
DA:308,0
BRDA:308,19,0,-
DA:309,0
DA:311,0
DA:312,0
DA:313,0
DA:314,0
DA:315,0
DA:317,0
DA:318,0
DA:319,0
DA:320,0
DA:321,0
DA:323,0
FNF:28
FNH:2
LF:100
LH:11
BRF:38
BRH:0
end_of_record
