TN:
SF:script/1_DeployGatewayWithProxy.sol
DA:40,0
FN:40,DeployGatewayWithProxy.run
FNDA:0,DeployGatewayWithProxy.run
DA:41,0
DA:44,0
DA:46,0
DA:49,0
DA:50,0
DA:51,0
DA:54,0
DA:55,0
DA:57,0
DA:60,0
DA:63,0
FN:63,DeployGatewayWithProxy._loadDeploymentConfig
FNDA:0,DeployGatewayWithProxy._loadDeploymentConfig
DA:64,0
DA:67,0
DA:68,0
DA:69,0
DA:71,0
DA:72,0
DA:73,0
DA:74,0
DA:75,0
DA:76,0
DA:77,0
DA:78,0
DA:79,0
DA:80,0
DA:81,0
DA:84,0
FN:84,DeployGatewayWithProxy._deployImplementation
FNDA:0,DeployGatewayWithProxy._deployImplementation
DA:85,0
DA:87,0
DA:88,0
DA:90,0
DA:93,0
FN:93,DeployGatewayWithProxy._deployProxy
FNDA:0,DeployGatewayWithProxy._deployProxy
DA:94,0
DA:97,0
DA:113,0
DA:115,0
DA:116,0
DA:119,0
FN:119,DeployGatewayWithProxy._configureGateway
FNDA:0,DeployGatewayWithProxy._configureGateway
DA:120,0
DA:122,0
DA:125,0
DA:128,0
DA:129,0
DA:132,0
DA:133,0
DA:135,0
DA:138,0
FN:138,DeployGatewayWithProxy._logDeploymentSummary
FNDA:0,DeployGatewayWithProxy._logDeploymentSummary
DA:139,0
DA:140,0
DA:141,0
DA:142,0
DA:143,0
DA:144,0
DA:145,0
DA:146,0
DA:147,0
DA:148,0
DA:149,0
DA:152,0
FN:152,DeployGatewayWithProxy._verifyAllAdmins
FNDA:0,DeployGatewayWithProxy._verifyAllAdmins
DA:153,0
DA:156,0
DA:157,0
DA:160,0
DA:161,0
DA:163,0
BRDA:163,0,0,-
BRDA:163,0,1,-
DA:164,0
DA:166,0
DA:169,0
BRDA:169,1,0,-
BRDA:169,1,1,-
DA:170,0
DA:172,0
DA:175,0
DA:179,0
FN:179,DeployGatewayWithProxy._verifyDeployment
FNDA:0,DeployGatewayWithProxy._verifyDeployment
DA:180,0
BRDA:180,2,0,-
BRDA:180,2,1,-
DA:181,0
BRDA:181,3,0,-
BRDA:181,3,1,-
DA:183,0
DA:186,0
BRDA:186,4,0,-
BRDA:186,4,1,-
DA:187,0
BRDA:187,5,0,-
BRDA:187,5,1,-
DA:188,0
BRDA:188,6,0,-
BRDA:188,6,1,-
DA:189,0
BRDA:189,7,0,-
BRDA:189,7,1,-
DA:190,0
BRDA:190,8,0,-
BRDA:190,8,1,-
DA:191,0
BRDA:191,9,0,-
BRDA:191,9,1,-
DA:192,0
BRDA:192,10,0,-
BRDA:192,10,1,-
DA:194,0
DA:202,0
FN:202,DeployGatewayWithProxy.getProxyAdmin
FNDA:0,DeployGatewayWithProxy.getProxyAdmin
DA:204,0
DA:205,0
DA:212,0
FN:212,DeployGatewayWithProxy.getProxyAdminOwner
FNDA:0,DeployGatewayWithProxy.getProxyAdminOwner
DA:213,0
DA:215,0
DA:216,0
FNF:10
FNH:0
LF:91
LH:0
BRF:22
BRH:0
end_of_record
TN:
SF:script/2_DeployGatewayImpl.sol
DA:18,0
FN:18,DeployGatewayImpl.run
FNDA:0,DeployGatewayImpl.run
DA:19,0
DA:22,0
DA:25,0
DA:27,0
DA:30,0
DA:33,0
FN:33,DeployGatewayImpl._deployImplementation
FNDA:0,DeployGatewayImpl._deployImplementation
DA:34,0
DA:36,0
DA:37,0
DA:39,0
DA:42,0
FN:42,DeployGatewayImpl._logDeploymentSummary
FNDA:0,DeployGatewayImpl._logDeploymentSummary
DA:43,0
DA:44,0
DA:45,0
DA:46,0
DA:47,0
DA:48,0
DA:49,0
DA:50,0
DA:51,0
DA:52,0
DA:53,0
DA:54,0
DA:58,0
FN:58,DeployGatewayImpl.verifyImplementation
FNDA:0,DeployGatewayImpl.verifyImplementation
DA:59,0
BRDA:59,0,0,-
BRDA:59,0,1,-
DA:62,0
BRDA:62,1,0,-
BRDA:62,1,1,-
DA:64,0
DA:65,0
FNF:4
FNH:0
LF:29
LH:0
BRF:4
BRH:0
end_of_record
TN:
SF:script/3_UpgradeGatewayNewImpl.sol
DA:31,0
FN:31,UpgradeGatewayNewImpl.run
FNDA:0,UpgradeGatewayNewImpl.run
DA:32,0
DA:35,0
DA:38,0
DA:41,0
DA:44,0
DA:46,0
DA:49,0
DA:52,0
FN:52,UpgradeGatewayNewImpl._loadUpgradeConfig
FNDA:0,UpgradeGatewayNewImpl._loadUpgradeConfig
DA:53,0
DA:54,0
BRDA:54,0,0,-
BRDA:54,0,1,-
DA:55,0
BRDA:55,1,0,-
BRDA:55,1,1,-
DA:56,0
DA:57,0
DA:58,0
DA:61,0
FN:61,UpgradeGatewayNewImpl._deployNewImplementation
FNDA:0,UpgradeGatewayNewImpl._deployNewImplementation
DA:62,0
DA:65,0
DA:66,0
DA:68,0
DA:71,0
FN:71,UpgradeGatewayNewImpl._upgradeProxy
FNDA:0,UpgradeGatewayNewImpl._upgradeProxy
DA:72,0
DA:75,0
DA:78,0
DA:80,0
DA:83,0
DA:85,0
DA:86,0
DA:89,0
FN:89,UpgradeGatewayNewImpl._logUpgradeSummary
FNDA:0,UpgradeGatewayNewImpl._logUpgradeSummary
DA:90,0
DA:91,0
DA:92,0
DA:93,0
DA:94,0
DA:95,0
DA:96,0
DA:97,0
DA:98,0
DA:99,0
DA:103,0
FN:103,UpgradeGatewayNewImpl.verifyUpgrade
FNDA:0,UpgradeGatewayNewImpl.verifyUpgrade
DA:104,0
BRDA:104,2,0,-
BRDA:104,2,1,-
DA:108,0
FNF:6
FNH:0
LF:42
LH:0
BRF:6
BRH:0
end_of_record
TN:
SF:src/UniversalGateway.sol
DA:117,272
FN:117,UniversalGateway.initialize
FNDA:272,UniversalGateway.initialize
DA:127,272
BRDA:127,0,0,4
DA:128,4
DA:131,0
DA:132,0
DA:133,0
DA:134,0
DA:136,268
DA:137,268
DA:138,268
DA:140,268
DA:141,268
DA:142,268
DA:144,268
DA:145,268
BRDA:145,1,0,2
DA:146,2
DA:147,2
DA:150,268
DA:152,268
DA:154,268
DA:158,12
FN:158,UniversalGateway.onlyTSS
FNDA:12,UniversalGateway.onlyTSS
DA:159,12
BRDA:159,2,0,1
DA:166,26
FN:166,UniversalGateway.pause
FNDA:26,UniversalGateway.pause
DA:167,0
DA:169,8
FN:169,UniversalGateway.unpause
FNDA:8,UniversalGateway.unpause
DA:170,0
DA:175,7
FN:175,UniversalGateway.setTSS
FNDA:7,UniversalGateway.setTSS
DA:176,5
BRDA:176,3,0,1
DA:177,4
DA:180,4
BRDA:180,4,0,4
DA:181,4
DA:183,4
DA:189,9
FN:189,UniversalGateway.setCapsUSD
FNDA:9,UniversalGateway.setCapsUSD
DA:190,6
BRDA:190,5,0,1
DA:192,5
DA:193,5
DA:194,5
DA:198,18
FN:198,UniversalGateway.setBlockUsdCap
FNDA:18,UniversalGateway.setBlockUsdCap
DA:199,17
DA:204,5
FN:204,UniversalGateway.setDefaultSwapDeadline
FNDA:5,UniversalGateway.setDefaultSwapDeadline
DA:205,2
BRDA:205,6,0,1
DA:206,1
DA:212,74
FN:212,UniversalGateway.setRouters
FNDA:74,UniversalGateway.setRouters
DA:213,71
BRDA:213,7,0,2
DA:214,69
DA:215,69
DA:221,323
FN:221,UniversalGateway.setTokenLimitThresholds
FNDA:323,UniversalGateway.setTokenLimitThresholds
DA:225,320
BRDA:225,8,0,2
DA:226,318
DA:227,450
DA:228,450
DA:235,10
FN:235,UniversalGateway.updateTokenLimitThreshold
FNDA:10,UniversalGateway.updateTokenLimitThreshold
DA:239,8
BRDA:239,9,0,1
DA:240,7
DA:241,7
DA:242,7
DA:248,11
FN:248,UniversalGateway.updateEpochDuration
FNDA:11,UniversalGateway.updateEpochDuration
DA:249,9
DA:250,9
DA:251,9
DA:258,56
FN:258,UniversalGateway.setV3FeeOrder
FNDA:56,UniversalGateway.setV3FeeOrder
DA:259,53
DA:264,266
FN:264,UniversalGateway.setEthUsdFeed
FNDA:266,UniversalGateway.setEthUsdFeed
DA:265,264
BRDA:265,10,0,1
DA:266,263
DA:268,263
DA:269,263
DA:270,263
DA:275,25
FN:275,UniversalGateway.setChainlinkStalePeriod
FNDA:25,UniversalGateway.setChainlinkStalePeriod
DA:276,22
DA:282,25
FN:282,UniversalGateway.setL2SequencerFeed
FNDA:25,UniversalGateway.setL2SequencerFeed
DA:283,22
DA:288,4
FN:288,UniversalGateway.setL2SequencerGracePeriod
FNDA:4,UniversalGateway.setL2SequencerGracePeriod
DA:289,1
DA:297,67
FN:297,UniversalGateway.sendTxWithGas
FNDA:67,UniversalGateway.sendTxWithGas
DA:303,67
DA:309,13
FN:309,UniversalGateway.sendTxWithGas
FNDA:13,UniversalGateway.sendTxWithGas
DA:318,13
BRDA:318,11,0,1
DA:319,12
BRDA:319,12,0,1
DA:320,11
BRDA:320,13,0,1
DA:321,10
BRDA:321,14,0,1
DA:324,9
DA:326,9
DA:333,86
FN:333,UniversalGateway._sendTxWithGas
FNDA:86,UniversalGateway._sendTxWithGas
DA:341,86
BRDA:341,15,0,1
DA:344,85
DA:345,65
DA:346,55
DA:348,85
DA:365,84
FN:365,UniversalGateway.sendFunds
FNDA:84,UniversalGateway.sendFunds
DA:371,84
BRDA:371,16,0,2
DA:373,82
BRDA:373,17,0,13
BRDA:373,17,1,2
DA:374,13
BRDA:374,18,0,2
DA:375,11
DA:376,9
DA:378,69
BRDA:378,19,0,2
DA:379,67
DA:380,53
DA:383,11
DA:396,7
FN:396,UniversalGateway.sendTxWithFunds
FNDA:7,UniversalGateway.sendTxWithFunds
DA:403,7
BRDA:403,20,0,-
DA:404,7
DA:405,7
BRDA:405,21,0,-
DA:407,7
DA:410,3
DA:411,3
DA:413,7
DA:426,18
FN:426,UniversalGateway.sendTxWithFunds
FNDA:18,UniversalGateway.sendTxWithFunds
DA:437,18
BRDA:437,22,0,1
DA:438,17
BRDA:438,23,0,2
DA:439,15
BRDA:439,24,0,2
DA:442,13
DA:444,8
DA:447,5
DA:448,4
DA:449,13
DA:463,69
FN:463,UniversalGateway._sendTxWithFunds
FNDA:69,UniversalGateway._sendTxWithFunds
DA:473,69
BRDA:473,25,0,-
DA:475,69
BRDA:475,26,0,7
DA:476,7
BRDA:476,27,0,-
DA:477,0
DA:481,69
DA:494,11
FN:494,UniversalGateway.withdrawFunds
FNDA:11,UniversalGateway.withdrawFunds
DA:500,11
BRDA:500,28,0,1
DA:501,10
BRDA:501,29,0,1
DA:503,9
BRDA:503,30,0,5
BRDA:503,30,1,4
DA:504,5
DA:506,4
DA:509,9
DA:513,7
FN:513,UniversalGateway.revertWithdrawFunds
FNDA:7,UniversalGateway.revertWithdrawFunds
DA:519,7
BRDA:519,31,0,1
DA:520,6
BRDA:520,32,0,1
DA:522,5
BRDA:522,33,0,3
BRDA:522,33,1,2
DA:523,3
DA:525,2
DA:528,5
DA:545,42
FN:545,UniversalGateway.executeUniversalTx
FNDA:42,UniversalGateway.executeUniversalTx
DA:553,1
BRDA:553,34,0,1
DA:555,40
BRDA:555,35,0,2
DA:556,38
BRDA:556,36,0,1
DA:558,37
BRDA:558,37,0,8
BRDA:558,37,1,-
DA:559,8
BRDA:559,38,0,2
DA:560,6
DA:562,29
BRDA:562,39,0,1
DA:563,28
BRDA:563,40,0,1
DA:565,27
DA:566,23
DA:567,27
DA:568,19
DA:571,21
DA:573,6
DA:584,15
FN:584,UniversalGateway.getMinMaxValueForNative
FNDA:15,UniversalGateway.getMinMaxValueForNative
DA:585,15
DA:587,15
DA:588,15
DA:597,153
FN:597,UniversalGateway.getEthUsdPrice
FNDA:153,UniversalGateway.getEthUsdPrice
DA:598,153
BRDA:598,41,0,-
DA:601,153
BRDA:601,42,0,-
DA:602,0
DA:608,0
DA:611,0
BRDA:611,43,0,-
DA:614,0
BRDA:614,44,0,-
DA:615,0
DA:619,153
DA:622,153
BRDA:622,45,0,4
DA:623,149
BRDA:623,46,0,1
DA:624,148
BRDA:624,47,0,2
DA:625,2
DA:628,146
DA:629,146
BRDA:629,48,0,1
DA:630,1
BRDA:630,49,0,1
DA:631,0
DA:632,1
BRDA:632,49,1,1
DA:634,1
DA:638,146
DA:641,146
BRDA:641,50,0,1
DA:642,145
DA:644,145
DA:651,129
FN:651,UniversalGateway.quoteEthAmountInUsd1e18
FNDA:129,UniversalGateway.quoteEthAmountInUsd1e18
DA:652,129
DA:653,127
DA:655,127
DA:665,89
FN:665,UniversalGateway._checkUSDCaps
FNDA:89,UniversalGateway._checkUSDCaps
DA:666,89
DA:667,85
BRDA:667,52,0,8
DA:668,77
BRDA:668,53,0,10
DA:675,65
FN:675,UniversalGateway._checkBlockUSDCap
FNDA:65,UniversalGateway._checkBlockUSDCap
DA:676,65
DA:677,65
DA:679,32
BRDA:679,55,0,15
DA:680,15
DA:681,15
DA:684,32
DA:686,32
BRDA:686,56,0,1
DA:689,31
DA:690,31
BRDA:690,57,0,9
DA:691,22
DA:698,64
FN:698,UniversalGateway._handleNativeDeposit
FNDA:64,UniversalGateway._handleNativeDeposit
DA:699,64
DA:700,64
BRDA:700,58,0,1
DA:701,0
DA:708,60
FN:708,UniversalGateway._handleTokenDeposit
FNDA:60,UniversalGateway._handleTokenDeposit
DA:709,60
BRDA:709,59,0,-
DA:710,60
DA:716,8
FN:716,UniversalGateway._handleNativeWithdraw
FNDA:8,UniversalGateway._handleNativeWithdraw
DA:717,8
DA:718,8
BRDA:718,60,0,2
DA:726,6
FN:726,UniversalGateway._handleTokenWithdraw
FNDA:6,UniversalGateway._handleTokenWithdraw
DA:728,6
BRDA:728,61,0,1
DA:729,5
DA:733,46
FN:733,UniversalGateway._resetApproval
FNDA:46,UniversalGateway._resetApproval
DA:734,46
DA:735,46
DA:736,46
BRDA:736,62,0,3
DA:738,3
DA:741,43
BRDA:741,63,0,43
DA:742,43
DA:743,43
BRDA:743,64,0,4
DA:749,23
FN:749,UniversalGateway._safeApprove
FNDA:23,UniversalGateway._safeApprove
DA:750,23
DA:751,23
DA:752,23
BRDA:752,65,0,1
DA:753,1
DA:755,22
BRDA:755,66,0,22
DA:756,22
DA:757,22
BRDA:757,67,0,-
DA:758,0
DA:766,28
FN:766,UniversalGateway._executeCall
FNDA:28,UniversalGateway._executeCall
DA:767,28
DA:768,28
BRDA:768,68,0,7
DA:769,0
DA:777,86
FN:777,UniversalGateway._consumeRateLimit
FNDA:86,UniversalGateway._consumeRateLimit
DA:778,86
DA:779,86
BRDA:779,69,0,6
DA:781,80
DA:782,80
BRDA:782,70,0,2
DA:784,78
DA:785,78
DA:787,78
BRDA:787,71,0,22
DA:788,22
DA:789,22
DA:793,78
DA:794,78
BRDA:794,72,0,9
DA:795,69
DA:803,60
FN:803,UniversalGateway.currentTokenUsage
FNDA:60,UniversalGateway.currentTokenUsage
DA:804,60
DA:805,60
DA:807,56
DA:808,56
DA:810,55
DA:811,55
DA:812,55
DA:814,55
DA:815,55
DA:828,22
FN:828,UniversalGateway.swapToNative
FNDA:22,UniversalGateway.swapToNative
DA:832,22
BRDA:832,75,0,-
DA:834,22
BRDA:834,76,0,1
BRDA:834,76,1,1
DA:835,1
DA:836,21
BRDA:836,77,0,1
DA:837,1
DA:839,21
BRDA:839,78,0,1
DA:841,20
BRDA:841,79,0,3
DA:843,3
DA:845,3
DA:846,3
DA:847,3
DA:850,3
BRDA:850,80,0,-
DA:851,3
DA:853,17
DA:855,12
DA:856,10
DA:858,17
DA:869,17
DA:871,9
DA:873,9
DA:874,9
DA:875,9
DA:878,9
BRDA:878,81,0,-
DA:881,17
FN:881,UniversalGateway._findV3PoolWithNative
FNDA:17,UniversalGateway._findV3PoolWithNative
DA:882,17
BRDA:882,82,0,-
DA:883,17
BRDA:883,83,0,-
DA:885,0
DA:889,17
DA:890,27
DA:891,27
DA:892,27
BRDA:892,84,0,12
DA:893,12
DA:896,5
DA:901,14
FN:901,UniversalGateway.receive
FNDA:14,UniversalGateway.receive
DA:903,14
BRDA:903,85,0,1
FNF:44
FNH:44
LF:290
LH:273
BRF:88
BRH:72
end_of_record
TN:
SF:src/UniversalGatewayPC.sol
DA:51,56
FN:51,UniversalGatewayPC.initialize
FNDA:56,UniversalGatewayPC.initialize
DA:52,56
BRDA:52,0,0,3
DA:54,0
DA:55,0
DA:56,0
DA:58,53
DA:59,53
DA:61,53
DA:62,53
DA:67,7
FN:67,UniversalGatewayPC.setUniversalCore
FNDA:7,UniversalGatewayPC.setUniversalCore
DA:68,6
BRDA:68,1,0,1
DA:69,5
DA:71,5
DA:76,3
FN:76,UniversalGatewayPC.refreshUniversalExecutor
FNDA:3,UniversalGatewayPC.refreshUniversalExecutor
DA:77,2
DA:80,10
FN:80,UniversalGatewayPC.pause
FNDA:10,UniversalGatewayPC.pause
DA:81,0
DA:84,3
FN:84,UniversalGatewayPC.unpause
FNDA:3,UniversalGatewayPC.unpause
DA:85,0
DA:89,21
FN:89,UniversalGatewayPC.withdraw
FNDA:21,UniversalGatewayPC.withdraw
DA:96,21
DA:99,21
DA:100,21
DA:102,15
DA:103,12
DA:105,10
DA:106,10
DA:112,15
FN:112,UniversalGatewayPC.withdrawAndExecute
FNDA:15,UniversalGatewayPC.withdrawAndExecute
DA:120,15
DA:123,15
DA:124,15
DA:125,11
DA:127,9
DA:129,8
DA:130,8
DA:143,36
FN:143,UniversalGatewayPC._validateCommon
FNDA:36,UniversalGatewayPC._validateCommon
DA:149,36
BRDA:149,2,0,2
DA:150,34
BRDA:150,3,0,2
DA:151,32
BRDA:151,4,0,2
DA:152,30
BRDA:152,5,0,2
DA:163,28
FN:163,UniversalGatewayPC._calculateGasFeesWithLimit
FNDA:28,UniversalGatewayPC._calculateGasFeesWithLimit
DA:168,28
BRDA:168,6,0,2
BRDA:168,6,1,-
DA:169,2
DA:171,26
DA:174,2
DA:175,26
BRDA:175,7,0,-
DA:177,26
DA:184,26
FN:184,UniversalGatewayPC._moveFees
FNDA:26,UniversalGatewayPC._moveFees
DA:185,26
DA:186,26
BRDA:186,8,0,1
DA:188,25
DA:189,21
BRDA:189,9,0,-
DA:192,21
FN:192,UniversalGatewayPC._burnPRC20
FNDA:21,UniversalGatewayPC._burnPRC20
DA:194,21
DA:197,18
DA:198,18
BRDA:198,10,0,-
FNF:11
FNH:11
LF:56
LH:51
BRF:12
BRH:8
end_of_record
TN:
SF:src/UniversalGatewayV0.sol
DA:124,0
FN:124,UniversalGatewayV0.initialize
FNDA:0,UniversalGatewayV0.initialize
DA:137,0
DA:138,0
DA:139,0
DA:140,0
BRDA:140,0,0,-
DA:142,0
DA:143,0
DA:144,0
DA:145,0
DA:147,0
DA:148,0
DA:149,0
DA:151,0
DA:152,0
DA:153,0
DA:155,0
DA:156,0
BRDA:156,1,0,-
DA:157,0
DA:158,0
DA:162,0
DA:165,0
DA:166,0
DA:167,0
DA:168,0
DA:173,0
FN:173,UniversalGatewayV0.onlyTSS
FNDA:0,UniversalGatewayV0.onlyTSS
DA:174,0
BRDA:174,2,0,-
DA:178,0
FN:178,UniversalGatewayV0.version
FNDA:0,UniversalGatewayV0.version
DA:179,0
DA:185,0
FN:185,UniversalGatewayV0.pause
FNDA:0,UniversalGatewayV0.pause
DA:186,0
DA:189,0
FN:189,UniversalGatewayV0.unpause
FNDA:0,UniversalGatewayV0.unpause
DA:190,0
DA:196,0
FN:196,UniversalGatewayV0.setTSSAddress
FNDA:0,UniversalGatewayV0.setTSSAddress
DA:197,0
BRDA:197,3,0,-
DA:198,0
DA:201,0
BRDA:201,4,0,-
DA:202,0
DA:204,0
DA:210,0
FN:210,UniversalGatewayV0.setCapsUSD
FNDA:0,UniversalGatewayV0.setCapsUSD
DA:211,0
BRDA:211,5,0,-
DA:213,0
DA:214,0
DA:215,0
DA:220,0
FN:220,UniversalGatewayV0.setDefaultSwapDeadline
FNDA:0,UniversalGatewayV0.setDefaultSwapDeadline
DA:221,0
BRDA:221,6,0,-
DA:222,0
DA:228,0
FN:228,UniversalGatewayV0.setRouters
FNDA:0,UniversalGatewayV0.setRouters
DA:229,0
BRDA:229,7,0,-
DA:230,0
DA:231,0
DA:238,0
FN:238,UniversalGatewayV0.modifySupportForToken
FNDA:0,UniversalGatewayV0.modifySupportForToken
DA:239,0
BRDA:239,8,0,-
DA:240,0
DA:241,0
DA:249,0
FN:249,UniversalGatewayV0.setV3FeeOrder
FNDA:0,UniversalGatewayV0.setV3FeeOrder
DA:251,0
DA:252,0
DA:256,0
FN:256,UniversalGatewayV0.setEthUsdFeed
FNDA:0,UniversalGatewayV0.setEthUsdFeed
DA:257,0
BRDA:257,9,0,-
DA:258,0
DA:260,0
DA:261,0
DA:262,0
DA:267,0
FN:267,UniversalGatewayV0.setChainlinkStalePeriod
FNDA:0,UniversalGatewayV0.setChainlinkStalePeriod
DA:268,0
DA:273,0
FN:273,UniversalGatewayV0.setL2SequencerFeed
FNDA:0,UniversalGatewayV0.setL2SequencerFeed
DA:274,0
DA:279,0
FN:279,UniversalGatewayV0.setL2SequencerGracePeriod
FNDA:0,UniversalGatewayV0.setL2SequencerGracePeriod
DA:280,0
DA:284,0
FN:284,UniversalGatewayV0.setBlockUsdCap
FNDA:0,UniversalGatewayV0.setBlockUsdCap
DA:285,0
DA:291,0
FN:291,UniversalGatewayV0.setTokenLimitThresholds
FNDA:0,UniversalGatewayV0.setTokenLimitThresholds
DA:295,0
BRDA:295,10,0,-
DA:296,0
DA:297,0
DA:298,0
DA:305,0
FN:305,UniversalGatewayV0.updateTokenLimitThreshold
FNDA:0,UniversalGatewayV0.updateTokenLimitThreshold
DA:309,0
BRDA:309,11,0,-
DA:310,0
DA:311,0
DA:312,0
DA:318,0
FN:318,UniversalGatewayV0.updateEpochDuration
FNDA:0,UniversalGatewayV0.updateEpochDuration
DA:319,0
DA:320,0
DA:321,0
DA:342,0
FN:342,UniversalGatewayV0.addFunds
FNDA:0,UniversalGatewayV0.addFunds
DA:343,0
DA:346,0
FN:346,UniversalGatewayV0._addFunds
FNDA:0,UniversalGatewayV0._addFunds
DA:349,0
DA:350,0
DA:351,0
DA:354,0
DA:357,0
DA:358,0
DA:359,0
DA:360,0
DA:362,0
DA:372,0
DA:375,0
DA:376,0
DA:377,0
DA:378,0
DA:380,0
DA:385,0
DA:390,0
FN:390,UniversalGatewayV0.sendTxWithGas
FNDA:0,UniversalGatewayV0.sendTxWithGas
DA:396,0
DA:401,0
FN:401,UniversalGatewayV0.sendTxWithGas
FNDA:0,UniversalGatewayV0.sendTxWithGas
DA:410,0
BRDA:410,12,0,-
DA:411,0
BRDA:411,13,0,-
DA:412,0
BRDA:412,14,0,-
DA:414,0
BRDA:414,15,0,-
DA:417,0
DA:419,0
DA:436,0
FN:436,UniversalGatewayV0._sendTxWithGas
FNDA:0,UniversalGatewayV0._sendTxWithGas
DA:444,0
BRDA:444,16,0,-
DA:449,0
DA:450,0
DA:452,0
DA:469,0
FN:469,UniversalGatewayV0.sendFunds
FNDA:0,UniversalGatewayV0.sendFunds
DA:475,0
BRDA:475,17,0,-
DA:477,0
BRDA:477,18,0,-
BRDA:477,18,1,-
DA:478,0
BRDA:478,19,0,-
DA:480,0
DA:482,0
BRDA:482,20,0,-
DA:484,0
DA:487,0
DA:500,0
FN:500,UniversalGatewayV0.sendTxWithFunds
FNDA:0,UniversalGatewayV0.sendTxWithFunds
DA:507,0
BRDA:507,21,0,-
DA:508,0
DA:509,0
BRDA:509,22,0,-
DA:513,0
DA:516,0
DA:517,0
DA:530,0
FN:530,UniversalGatewayV0.sendTxWithFunds_new
FNDA:0,UniversalGatewayV0.sendTxWithFunds_new
DA:537,0
BRDA:537,23,0,-
DA:538,0
DA:539,0
BRDA:539,24,0,-
DA:541,0
DA:545,0
DA:547,0
DA:561,0
FN:561,UniversalGatewayV0.sendTxWithFunds
FNDA:0,UniversalGatewayV0.sendTxWithFunds
DA:572,0
BRDA:572,25,0,-
DA:573,0
BRDA:573,26,0,-
DA:574,0
BRDA:574,27,0,-
DA:577,0
DA:580,0
DA:582,0
DA:583,0
DA:597,0
FN:597,UniversalGatewayV0.sendTxWithFunds_new
FNDA:0,UniversalGatewayV0.sendTxWithFunds_new
DA:608,0
BRDA:608,28,0,-
DA:609,0
BRDA:609,29,0,-
DA:610,0
BRDA:610,30,0,-
DA:613,0
DA:615,0
DA:619,0
DA:620,0
DA:641,0
FN:641,UniversalGatewayV0._sendTxWithFunds
FNDA:0,UniversalGatewayV0._sendTxWithFunds
DA:651,0
BRDA:651,31,0,-
DA:653,0
BRDA:653,32,0,-
DA:655,0
DA:656,0
DA:657,0
BRDA:657,33,0,-
DA:658,0
DA:662,0
DA:679,0
FN:679,UniversalGatewayV0.withdrawFunds
FNDA:0,UniversalGatewayV0.withdrawFunds
DA:684,0
BRDA:684,34,0,-
DA:685,0
BRDA:685,35,0,-
DA:687,0
BRDA:687,36,0,-
BRDA:687,36,1,-
DA:688,0
DA:690,0
DA:693,0
DA:697,0
FN:697,UniversalGatewayV0.revertWithdrawFunds
FNDA:0,UniversalGatewayV0.revertWithdrawFunds
DA:702,0
BRDA:702,37,0,-
DA:703,0
BRDA:703,38,0,-
DA:705,0
BRDA:705,39,0,-
BRDA:705,39,1,-
DA:706,0
DA:708,0
DA:711,0
DA:722,0
FN:722,UniversalGatewayV0.getMinMaxValueForNative
FNDA:0,UniversalGatewayV0.getMinMaxValueForNative
DA:723,0
DA:727,0
DA:728,0
DA:739,0
FN:739,UniversalGatewayV0.getEthUsdPrice
FNDA:0,UniversalGatewayV0.getEthUsdPrice
DA:740,0
BRDA:740,40,0,-
DA:743,0
BRDA:743,41,0,-
DA:744,0
DA:750,0
DA:753,0
BRDA:753,42,0,-
DA:756,0
BRDA:756,43,0,-
DA:757,0
DA:761,0
DA:767,0
DA:770,0
BRDA:770,44,0,-
DA:771,0
BRDA:771,45,0,-
DA:772,0
BRDA:772,46,0,-
DA:773,0
DA:776,0
DA:779,0
BRDA:779,47,0,-
DA:780,0
BRDA:780,48,0,-
DA:781,0
DA:782,0
BRDA:782,48,1,-
DA:784,0
DA:789,0
DA:792,0
BRDA:792,49,0,-
DA:793,0
DA:795,0
DA:799,0
FN:799,UniversalGatewayV0.getEthUsdPrice_old
FNDA:0,UniversalGatewayV0.getEthUsdPrice_old
DA:800,0
DA:801,0
DA:803,0
BRDA:803,50,0,-
BRDA:803,50,1,-
DA:804,0
DA:812,0
FN:812,UniversalGatewayV0.quoteEthAmountInUsd1e18
FNDA:0,UniversalGatewayV0.quoteEthAmountInUsd1e18
DA:813,0
DA:814,0
DA:817,0
DA:827,0
FN:827,UniversalGatewayV0._checkUSDCaps
FNDA:0,UniversalGatewayV0._checkUSDCaps
DA:828,0
DA:829,0
BRDA:829,52,0,-
DA:830,0
BRDA:830,53,0,-
DA:837,0
FN:837,UniversalGatewayV0._checkBlockUSDCap
FNDA:0,UniversalGatewayV0._checkBlockUSDCap
DA:838,0
DA:839,0
DA:841,0
BRDA:841,55,0,-
DA:842,0
DA:843,0
DA:846,0
DA:848,0
BRDA:848,56,0,-
DA:851,0
DA:852,0
BRDA:852,57,0,-
DA:853,0
DA:858,0
FN:858,UniversalGatewayV0._handleNativeDeposit
FNDA:0,UniversalGatewayV0._handleNativeDeposit
DA:859,0
DA:860,0
BRDA:860,58,0,-
DA:861,0
DA:868,0
FN:868,UniversalGatewayV0._handleTokenDeposit
FNDA:0,UniversalGatewayV0._handleTokenDeposit
DA:869,0
BRDA:869,59,0,-
DA:870,0
DA:874,0
FN:874,UniversalGatewayV0._handleNativeWithdraw
FNDA:0,UniversalGatewayV0._handleNativeWithdraw
DA:875,0
DA:876,0
BRDA:876,60,0,-
DA:884,0
FN:884,UniversalGatewayV0._handleTokenWithdraw
FNDA:0,UniversalGatewayV0._handleTokenWithdraw
DA:888,0
BRDA:888,61,0,-
DA:889,0
DA:897,0
FN:897,UniversalGatewayV0._consumeRateLimit
FNDA:0,UniversalGatewayV0._consumeRateLimit
DA:898,0
DA:899,0
BRDA:899,62,0,-
DA:901,0
DA:902,0
BRDA:902,63,0,-
DA:904,0
DA:905,0
DA:907,0
BRDA:907,64,0,-
DA:908,0
DA:909,0
DA:913,0
DA:914,0
BRDA:914,65,0,-
DA:915,0
DA:923,0
FN:923,UniversalGatewayV0.currentTokenUsage
FNDA:0,UniversalGatewayV0.currentTokenUsage
DA:924,0
DA:925,0
DA:927,0
DA:928,0
DA:930,0
DA:931,0
DA:932,0
DA:934,0
DA:935,0
DA:949,0
FN:949,UniversalGatewayV0.swapToNative
FNDA:0,UniversalGatewayV0.swapToNative
DA:955,0
BRDA:955,68,0,-
DA:957,0
BRDA:957,69,0,-
BRDA:957,69,1,-
DA:958,0
DA:959,0
BRDA:959,70,0,-
DA:960,0
DA:962,0
BRDA:962,71,0,-
DA:964,0
BRDA:964,72,0,-
DA:966,0
DA:968,0
DA:969,0
DA:970,0
DA:973,0
BRDA:973,73,0,-
DA:974,0
DA:978,0
DA:982,0
DA:983,0
DA:986,0
DA:997,0
DA:1000,0
DA:1003,0
DA:1004,0
DA:1005,0
DA:1008,0
BRDA:1008,74,0,-
DA:1015,0
FN:1015,UniversalGatewayV0._findV3PoolWithNative
FNDA:0,UniversalGatewayV0._findV3PoolWithNative
DA:1018,0
BRDA:1018,75,0,-
DA:1019,0
BRDA:1019,76,0,-
DA:1021,0
DA:1025,0
DA:1026,0
DA:1027,0
DA:1028,0
BRDA:1028,77,0,-
DA:1029,0
DA:1035,0
DA:1044,0
FN:1044,UniversalGatewayV0.receive
FNDA:0,UniversalGatewayV0.receive
DA:1046,0
BRDA:1046,78,0,-
FNF:47
FNH:0
LF:302
LH:0
BRF:81
BRH:0
end_of_record
TN:
SF:test/BaseTest.t.sol
DA:91,192
FN:91,BaseTest.setUp
FNDA:192,BaseTest.setUp
DA:92,0
DA:93,0
DA:94,0
DA:95,0
DA:96,0
DA:97,0
DA:98,0
DA:99,0
DA:100,0
DA:101,0
DA:107,192
FN:107,BaseTest._createActors
FNDA:192,BaseTest._createActors
DA:108,192
DA:109,192
DA:110,192
DA:111,192
DA:112,192
DA:113,192
DA:114,192
DA:115,192
DA:116,192
DA:117,192
DA:119,192
DA:120,192
DA:121,192
DA:122,192
DA:123,192
DA:124,192
DA:125,192
DA:126,192
DA:127,192
DA:128,192
DA:131,192
FN:131,BaseTest._fundActors
FNDA:192,BaseTest._fundActors
DA:132,192
DA:133,192
DA:134,192
DA:135,192
DA:136,192
DA:137,192
DA:138,192
DA:145,192
FN:145,BaseTest._deployMocks
FNDA:192,BaseTest._deployMocks
DA:146,192
DA:147,192
DA:148,192
DA:150,192
DA:151,192
DA:152,192
DA:158,192
FN:158,BaseTest._deployUniswapPlaceholders
FNDA:192,BaseTest._deployUniswapPlaceholders
DA:161,192
DA:162,192
DA:168,192
FN:168,BaseTest._deployGateway
FNDA:192,BaseTest._deployGateway
DA:170,192
DA:173,192
DA:176,192
DA:188,192
DA:191,192
DA:193,192
DA:194,192
DA:195,192
DA:198,192
FN:198,BaseTest._initializeGateway
FNDA:192,BaseTest._initializeGateway
DA:201,192
DA:202,192
DA:203,192
DA:204,192
DA:210,192
FN:210,BaseTest._deployOracles
FNDA:192,BaseTest._deployOracles
DA:211,192
DA:213,192
DA:216,192
DA:218,192
DA:221,192
FN:221,BaseTest._wireOraclesToGateway
FNDA:192,BaseTest._wireOraclesToGateway
DA:223,192
DA:224,192
DA:228,192
FN:228,BaseTest._setupNativeTokenSupport
FNDA:192,BaseTest._setupNativeTokenSupport
DA:230,192
DA:231,192
DA:232,192
DA:233,192
DA:235,192
DA:236,192
DA:240,0
FN:240,BaseTest.setEthUsdPrice1e8
FNDA:0,BaseTest.setEthUsdPrice1e8
DA:241,0
DA:244,0
FN:244,BaseTest.setChainlinkStalePeriod
FNDA:0,BaseTest.setChainlinkStalePeriod
DA:245,0
DA:246,0
DA:249,0
FN:249,BaseTest.enableSequencerFeed
FNDA:0,BaseTest.enableSequencerFeed
DA:250,0
DA:251,0
DA:254,0
FN:254,BaseTest.setSequencerStatusDown
FNDA:0,BaseTest.setSequencerStatusDown
DA:255,0
DA:258,0
FN:258,BaseTest.setSequencerGracePeriod
FNDA:0,BaseTest.setSequencerGracePeriod
DA:259,0
DA:260,0
DA:266,192
FN:266,BaseTest._mintAndApproveTokens
FNDA:192,BaseTest._mintAndApproveTokens
DA:267,192
DA:268,192
DA:269,192
DA:270,192
DA:271,192
DA:272,192
DA:275,192
DA:276,960
DA:280,192
DA:281,960
DA:285,192
DA:286,960
DA:287,960
DA:288,960
DA:295,0
FN:295,BaseTest.buildMinimalPayload
FNDA:0,BaseTest.buildMinimalPayload
DA:300,0
DA:311,0
DA:314,14
FN:314,BaseTest.buildValuePayload
FNDA:14,BaseTest.buildValuePayload
DA:319,14
DA:330,14
DA:333,29
FN:333,BaseTest.revertCfg
FNDA:29,BaseTest.revertCfg
DA:334,29
DA:339,41
FN:339,BaseTest.buildDefaultPayload
FNDA:41,BaseTest.buildDefaultPayload
DA:340,41
DA:355,41
FN:355,BaseTest.buildDefaultRevertInstructions
FNDA:41,BaseTest.buildDefaultRevertInstructions
DA:356,41
DA:362,1920
FN:362,BaseTest.mintAndApprove
FNDA:1920,BaseTest.mintAndApprove
DA:364,1920
BRDA:364,0,0,960
BRDA:364,0,1,-
DA:365,960
DA:366,960
BRDA:366,1,0,960
BRDA:366,1,1,-
DA:367,960
DA:369,0
DA:373,1920
DA:374,1920
DA:377,960
FN:377,BaseTest.mintWETH
FNDA:960,BaseTest.mintWETH
DA:378,960
DA:379,960
DA:380,960
DA:387,0
FN:387,BaseTest.setV3FeeOrder
FNDA:0,BaseTest.setV3FeeOrder
DA:388,0
DA:389,0
DA:392,0
FN:392,BaseTest.setRouters
FNDA:0,BaseTest.setRouters
DA:393,0
DA:394,0
DA:397,0
FN:397,BaseTest.setCaps
FNDA:0,BaseTest.setCaps
DA:398,0
DA:399,0
DA:402,0
FN:402,BaseTest.toggleSupport
FNDA:0,BaseTest.toggleSupport
DA:403,0
DA:404,0
DA:405,0
DA:406,0
DA:408,0
DA:410,0
DA:411,0
DA:412,0
DA:418,0
FN:418,BaseTest.recordAndGetLogs
FNDA:0,BaseTest.recordAndGetLogs
DA:419,0
DA:420,0
DA:423,0
FN:423,BaseTest.assertDualEmitOrder
FNDA:0,BaseTest.assertDualEmitOrder
DA:424,0
DA:425,0
DA:427,0
DA:428,0
BRDA:428,2,0,-
DA:429,0
DA:431,0
BRDA:431,3,0,-
DA:432,0
DA:433,0
BRDA:433,4,0,-
BRDA:433,4,1,-
DA:437,0
BRDA:437,5,0,-
BRDA:437,5,1,-
DA:455,4
FN:455,BaseTest.buildERC20Payload
FNDA:4,BaseTest.buildERC20Payload
DA:461,4
DA:473,4
DA:475,4
DA:482,0
FN:482,BaseTest.fundUserWithMainnetTokens
FNDA:0,BaseTest.fundUserWithMainnetTokens
DA:484,0
DA:485,0
BRDA:485,6,0,-
BRDA:485,6,1,-
DA:487,0
DA:488,0
BRDA:488,7,0,-
BRDA:488,7,1,-
DA:490,0
DA:491,0
BRDA:491,8,0,-
BRDA:491,8,1,-
DA:493,0
DA:494,0
BRDA:494,9,0,-
BRDA:494,9,1,-
DA:496,0
DA:497,0
BRDA:497,10,0,-
BRDA:497,10,1,-
DA:499,0
DA:500,0
BRDA:500,11,0,-
BRDA:500,11,1,-
DA:502,0
DA:504,0
DA:508,0
DA:509,0
BRDA:509,12,0,-
BRDA:509,12,1,-
DA:512,0
DA:513,0
BRDA:513,13,0,-
BRDA:513,13,1,-
DA:515,0
DA:517,0
DA:519,0
FNF:31
FNH:18
LF:188
LH:108
BRF:26
BRH:2
end_of_record
TN:
SF:test/gateway/5_GatewayBlockRateLimit.t.sol
DA:541,1
FN:541,RevertingReceiver.receive
FNDA:1,RevertingReceiver.receive
DA:542,1
FNF:1
FNH:1
LF:2
LH:2
BRF:0
BRH:0
end_of_record
TN:
SF:test/mocks/MockAggregatorV3.sol
DA:9,213
FN:9,MockAggregatorV3.constructor
FNDA:213,MockAggregatorV3.constructor
DA:10,213
DA:11,213
DA:12,213
DA:13,213
DA:16,215
FN:16,MockAggregatorV3.setAnswer
FNDA:215,MockAggregatorV3.setAnswer
DA:17,215
DA:18,215
DA:19,215
DA:20,215
DA:23,211
FN:23,MockAggregatorV3.decimals
FNDA:211,MockAggregatorV3.decimals
DA:24,211
DA:27,100
FN:27,MockAggregatorV3.latestRoundData
FNDA:100,MockAggregatorV3.latestRoundData
DA:32,100
FNF:4
FNH:4
LF:14
LH:14
BRF:0
BRH:0
end_of_record
TN:
SF:test/mocks/MockERC20.sol
DA:30,573
FN:30,MockERC20.constructor
FNDA:573,MockERC20.constructor
DA:31,573
DA:32,573
BRDA:32,0,0,186
DA:33,186
DA:40,0
FN:40,MockERC20.decimals
FNDA:0,MockERC20.decimals
DA:41,0
DA:49,2209
FN:49,MockERC20.mint
FNDA:2209,MockERC20.mint
DA:50,2209
BRDA:50,1,0,-
BRDA:50,1,1,-
DA:51,2209
BRDA:51,2,0,-
BRDA:51,2,1,-
DA:52,2209
DA:60,0
FN:60,MockERC20.burn
FNDA:0,MockERC20.burn
DA:61,0
BRDA:61,3,0,-
BRDA:61,3,1,-
DA:62,0
BRDA:62,4,0,-
BRDA:62,4,1,-
DA:63,0
DA:70,0
FN:70,MockERC20.burn
FNDA:0,MockERC20.burn
DA:71,0
BRDA:71,5,0,-
BRDA:71,5,1,-
DA:72,0
BRDA:72,6,0,-
BRDA:72,6,1,-
DA:73,0
DA:79,5
FN:79,MockERC20.transfer
FNDA:5,MockERC20.transfer
DA:80,5
BRDA:80,7,0,-
BRDA:80,7,1,-
DA:81,5
BRDA:81,8,0,-
BRDA:81,8,1,-
DA:82,5
BRDA:82,9,0,-
BRDA:82,9,1,-
DA:83,5
DA:89,44
FN:89,MockERC20.transferFrom
FNDA:44,MockERC20.transferFrom
DA:90,44
BRDA:90,10,0,-
BRDA:90,10,1,-
DA:91,44
BRDA:91,11,0,-
BRDA:91,11,1,-
DA:92,44
BRDA:92,12,0,-
BRDA:92,12,1,-
DA:93,44
DA:99,0
FN:99,MockERC20.pauseTransfers
FNDA:0,MockERC20.pauseTransfers
DA:100,0
DA:101,0
DA:107,0
FN:107,MockERC20.unpauseTransfers
FNDA:0,MockERC20.unpauseTransfers
DA:108,0
DA:109,0
DA:115,0
FN:115,MockERC20.pauseMinting
FNDA:0,MockERC20.pauseMinting
DA:116,0
DA:117,0
DA:123,0
FN:123,MockERC20.unpauseMinting
FNDA:0,MockERC20.unpauseMinting
DA:124,0
DA:125,0
DA:131,0
FN:131,MockERC20.pauseBurning
FNDA:0,MockERC20.pauseBurning
DA:132,0
DA:133,0
DA:139,0
FN:139,MockERC20.unpauseBurning
FNDA:0,MockERC20.unpauseBurning
DA:140,0
DA:141,0
DA:148,0
FN:148,MockERC20.blacklist
FNDA:0,MockERC20.blacklist
DA:149,0
DA:150,0
DA:157,0
FN:157,MockERC20.unblacklist
FNDA:0,MockERC20.unblacklist
DA:158,0
DA:159,0
DA:167,0
FN:167,MockERC20.isBlacklisted
FNDA:0,MockERC20.isBlacklisted
DA:168,0
DA:177,0
FN:177,MockERC20.simulateTransferFailure
FNDA:0,MockERC20.simulateTransferFailure
DA:179,0
DA:188,0
FN:188,MockERC20.simulateApprovalFailure
FNDA:0,MockERC20.simulateApprovalFailure
DA:190,0
DA:198,0
FN:198,MockERC20.forceSetBalance
FNDA:0,MockERC20.forceSetBalance
DA:199,0
DA:200,0
BRDA:200,13,0,-
BRDA:200,13,1,-
DA:201,0
DA:202,0
BRDA:202,14,0,-
DA:203,0
DA:213,0
FN:213,MockERC20.forceSetAllowance
FNDA:0,MockERC20.forceSetAllowance
DA:214,0
DA:221,0
FN:221,MockERC20.getTotalSupplyString
FNDA:0,MockERC20.getTotalSupplyString
DA:222,0
DA:228,0
FN:228,MockERC20._toString
FNDA:0,MockERC20._toString
DA:229,0
BRDA:229,15,0,-
DA:230,0
DA:232,0
DA:233,0
DA:234,0
DA:235,0
DA:236,0
DA:238,0
DA:239,0
DA:240,0
DA:241,0
DA:242,0
DA:244,0
FNF:22
FNH:4
LF:82
LH:18
BRF:29
BRH:1
end_of_record
TN:
SF:test/mocks/MockPRC20.sol
DA:49,105
FN:49,MockPRC20.constructor
FNDA:105,MockPRC20.constructor
DA:60,105
DA:61,105
DA:62,105
DA:64,105
DA:65,105
DA:66,105
DA:67,105
DA:68,105
DA:69,105
DA:73,0
FN:73,MockPRC20.name
FNDA:0,MockPRC20.name
DA:74,0
DA:77,0
FN:77,MockPRC20.symbol
FNDA:0,MockPRC20.symbol
DA:78,0
DA:81,0
FN:81,MockPRC20.decimals
FNDA:0,MockPRC20.decimals
DA:82,0
DA:85,0
FN:85,MockPRC20.totalSupply
FNDA:0,MockPRC20.totalSupply
DA:86,0
DA:89,44
FN:89,MockPRC20.balanceOf
FNDA:44,MockPRC20.balanceOf
DA:90,44
DA:93,0
FN:93,MockPRC20.allowance
FNDA:0,MockPRC20.allowance
DA:94,0
DA:98,2
FN:98,MockPRC20.transfer
FNDA:2,MockPRC20.transfer
DA:99,2
DA:100,2
DA:103,46
FN:103,MockPRC20.transferFrom
FNDA:46,MockPRC20.transferFrom
DA:104,46
DA:106,41
DA:107,41
BRDA:107,0,0,-
BRDA:107,0,1,-
DA:110,41
DA:112,46
DA:114,39
DA:117,221
FN:117,MockPRC20.approve
FNDA:221,MockPRC20.approve
DA:118,221
BRDA:118,1,0,-
BRDA:118,1,1,-
DA:119,221
DA:120,221
DA:121,221
DA:124,18
FN:124,MockPRC20.burn
FNDA:18,MockPRC20.burn
DA:125,18
DA:126,18
DA:130,0
FN:130,MockPRC20.deposit
FNDA:0,MockPRC20.deposit
DA:131,0
BRDA:131,2,0,-
BRDA:131,2,1,-
DA:136,0
DA:138,0
DA:139,0
DA:142,0
FN:142,MockPRC20.withdraw
FNDA:0,MockPRC20.withdraw
DA:143,0
DA:145,0
DA:146,0
BRDA:146,3,0,-
BRDA:146,3,1,-
DA:148,0
DA:149,0
DA:150,0
DA:154,0
FN:154,MockPRC20.withdrawGasFee
FNDA:0,MockPRC20.withdrawGasFee
DA:155,0
DA:156,0
BRDA:156,4,0,-
BRDA:156,4,1,-
DA:158,0
DA:159,0
BRDA:159,5,0,-
BRDA:159,5,1,-
DA:161,0
DA:164,28
FN:164,MockPRC20.withdrawGasFeeWithGasLimit
FNDA:28,MockPRC20.withdrawGasFeeWithGasLimit
DA:165,28
DA:166,28
BRDA:166,6,0,-
BRDA:166,6,1,-
DA:168,27
DA:169,27
BRDA:169,7,0,-
BRDA:169,7,1,-
DA:171,27
DA:175,0
FN:175,MockPRC20.updateUniversalCore
FNDA:0,MockPRC20.updateUniversalCore
DA:176,0
BRDA:176,8,0,-
BRDA:176,8,1,-
DA:177,0
BRDA:177,9,0,-
BRDA:177,9,1,-
DA:178,0
DA:179,0
DA:182,0
FN:182,MockPRC20.updateGasLimit
FNDA:0,MockPRC20.updateGasLimit
DA:183,0
BRDA:183,10,0,-
BRDA:183,10,1,-
DA:184,0
DA:185,0
DA:188,0
FN:188,MockPRC20.updateProtocolFlatFee
FNDA:0,MockPRC20.updateProtocolFlatFee
DA:189,0
BRDA:189,11,0,-
BRDA:189,11,1,-
DA:190,0
DA:191,0
DA:194,0
FN:194,MockPRC20.setName
FNDA:0,MockPRC20.setName
DA:195,0
BRDA:195,12,0,-
BRDA:195,12,1,-
DA:196,0
DA:199,0
FN:199,MockPRC20.setSymbol
FNDA:0,MockPRC20.setSymbol
DA:200,0
BRDA:200,13,0,-
BRDA:200,13,1,-
DA:201,0
DA:205,48
FN:205,MockPRC20._transfer
FNDA:48,MockPRC20._transfer
DA:206,48
BRDA:206,14,0,48
BRDA:206,14,1,48
DA:207,48
BRDA:207,15,0,-
BRDA:207,15,1,-
DA:210,43
DA:211,48
DA:214,48
DA:217,219
FN:217,MockPRC20._mint
FNDA:219,MockPRC20._mint
DA:218,219
BRDA:218,16,0,-
BRDA:218,16,1,-
DA:219,219
BRDA:219,17,0,-
BRDA:219,17,1,-
DA:222,219
DA:223,219
DA:225,219
DA:228,18
FN:228,MockPRC20._burn
FNDA:18,MockPRC20._burn
DA:229,18
BRDA:229,18,0,-
BRDA:229,18,1,-
DA:230,18
BRDA:230,19,0,-
BRDA:230,19,1,-
DA:232,18
DA:233,18
BRDA:233,20,0,-
BRDA:233,20,1,-
DA:236,18
DA:237,18
DA:239,18
DA:243,219
FN:243,MockPRC20.mint
FNDA:219,MockPRC20.mint
DA:244,219
DA:247,1
FN:247,MockPRC20.setBalance
FNDA:1,MockPRC20.setBalance
DA:248,1
DA:251,0
FN:251,MockPRC20.setAllowance
FNDA:0,MockPRC20.setAllowance
DA:252,0
FNF:26
FNH:12
LF:109
LH:60
BRF:42
BRH:2
end_of_record
TN:
SF:test/mocks/MockReentrantContract.sol
DA:18,2
FN:18,MockReentrantContract.constructor
FNDA:2,MockReentrantContract.constructor
DA:19,2
DA:20,2
DA:21,2
DA:24,1
FN:24,MockReentrantContract.attemptReentrancy
FNDA:1,MockReentrantContract.attemptReentrancy
DA:30,1
DA:33,1
FN:33,MockReentrantContract.attemptReentrancyWithExecute
FNDA:1,MockReentrantContract.attemptReentrancyWithExecute
DA:40,1
DA:50,0
FN:50,MockReentrantContract.onERC721Received
FNDA:0,MockReentrantContract.onERC721Received
DA:51,0
FNF:4
FNH:3
LF:10
LH:8
BRF:0
BRH:0
end_of_record
TN:
SF:test/mocks/MockRevertingTarget.sol
DA:13,3
FN:13,MockRevertingTarget.receiveFunds
FNDA:3,MockRevertingTarget.receiveFunds
DA:14,3
DA:21,2
FN:21,MockRevertingTarget.receiveFundsGasHeavy
FNDA:2,MockRevertingTarget.receiveFundsGasHeavy
DA:23,2
DA:24,336057
DA:31,0
FN:31,MockRevertingTarget.receiveFundsWithCustomRevert
FNDA:0,MockRevertingTarget.receiveFundsWithCustomRevert
DA:32,0
DA:39,0
FN:39,MockRevertingTarget.receiveFundsNonPayable
FNDA:0,MockRevertingTarget.receiveFundsNonPayable
FNF:4
FNH:2
LF:8
LH:5
BRF:0
BRH:0
end_of_record
TN:
SF:test/mocks/MockSequencerUptimeFeed.sol
DA:7,193
FN:7,MockSequencerUptimeFeed.setStatus
FNDA:193,MockSequencerUptimeFeed.setStatus
DA:8,193
DA:9,193
DA:10,193
DA:13,0
FN:13,MockSequencerUptimeFeed.decimals
FNDA:0,MockSequencerUptimeFeed.decimals
DA:14,0
DA:17,0
FN:17,MockSequencerUptimeFeed.latestRoundData
FNDA:0,MockSequencerUptimeFeed.latestRoundData
DA:22,0
FNF:3
FNH:1
LF:8
LH:4
BRF:0
BRH:0
end_of_record
TN:
SF:test/mocks/MockTarget.sol
DA:12,15
FN:12,MockTarget.receiveFunds
FNDA:15,MockTarget.receiveFunds
DA:13,15
DA:14,15
DA:18,4
FN:18,MockTarget.receiveToken
FNDA:4,MockTarget.receiveToken
DA:19,4
DA:20,4
DA:21,4
DA:24,4
DA:28,0
FN:28,MockTarget.fallback
FNDA:0,MockTarget.fallback
DA:29,0
DA:30,0
DA:34,1
FN:34,MockTarget.receive
FNDA:1,MockTarget.receive
DA:35,1
DA:36,1
FNF:4
FNH:3
LF:14
LH:11
BRF:0
BRH:0
end_of_record
TN:
SF:test/mocks/MockTokenApprovalVariants.sol
DA:27,41
FN:27,MockTokenApprovalVariants.constructor
FNDA:41,MockTokenApprovalVariants.constructor
DA:28,41
DA:35,8
FN:35,MockTokenApprovalVariants.setApprovalBehavior
FNDA:8,MockTokenApprovalVariants.setApprovalBehavior
DA:36,8
DA:45,21
FN:45,MockTokenApprovalVariants.approve
FNDA:21,MockTokenApprovalVariants.approve
DA:47,21
BRDA:47,0,0,2
DA:48,2
DA:51,19
BRDA:51,1,0,2
DA:52,2
DA:56,17
DA:59,17
BRDA:59,2,0,7
DA:60,7
DA:65,0
FNF:3
FNH:3
LF:13
LH:12
BRF:3
BRH:3
end_of_record
TN:
SF:test/mocks/MockUSDTToken.sol
DA:13,11
FN:13,MockUSDTToken.approve
FNDA:11,MockUSDTToken.approve
DA:15,11
BRDA:15,0,0,1
DA:16,1
DA:20,10
DA:21,10
FNF:1
FNH:1
LF:5
LH:5
BRF:1
BRH:1
end_of_record
TN:
SF:test/mocks/MockUniversalCoreReal.sol
DA:59,59
FN:59,MockUniversalCoreReal.constructor
FNDA:59,MockUniversalCoreReal.constructor
DA:60,59
DA:61,59
DA:62,59
DA:66,0
FN:66,MockUniversalCoreReal.onlyUEModule
FNDA:0,MockUniversalCoreReal.onlyUEModule
DA:67,0
BRDA:67,0,0,-
BRDA:67,0,1,-
DA:71,58
FN:71,MockUniversalCoreReal.onlyRole
FNDA:58,MockUniversalCoreReal.onlyRole
DA:72,58
BRDA:72,1,0,-
BRDA:72,1,1,-
DA:76,0
FN:76,MockUniversalCoreReal.whenNotPaused
FNDA:0,MockUniversalCoreReal.whenNotPaused
DA:77,0
BRDA:77,2,0,-
BRDA:77,2,1,-
DA:82,115
FN:82,MockUniversalCoreReal.hasRole
FNDA:115,MockUniversalCoreReal.hasRole
DA:83,115
DA:86,0
FN:86,MockUniversalCoreReal.grantRole
FNDA:0,MockUniversalCoreReal.grantRole
DA:87,0
DA:90,0
FN:90,MockUniversalCoreReal.revokeRole
FNDA:0,MockUniversalCoreReal.revokeRole
DA:91,0
DA:95,0
FN:95,MockUniversalCoreReal.depositPRC20Token
FNDA:0,MockUniversalCoreReal.depositPRC20Token
DA:96,0
BRDA:96,3,0,-
BRDA:96,3,1,-
DA:97,0
BRDA:97,4,0,-
BRDA:97,4,1,-
DA:98,0
BRDA:98,5,0,-
BRDA:98,5,1,-
DA:102,0
DA:103,0
BRDA:103,6,0,-
BRDA:103,6,1,-
DA:106,0
FN:106,MockUniversalCoreReal.depositPRC20WithAutoSwap
FNDA:0,MockUniversalCoreReal.depositPRC20WithAutoSwap
DA:114,0
BRDA:114,7,0,-
BRDA:114,7,1,-
DA:115,0
BRDA:115,8,0,-
BRDA:115,8,1,-
DA:116,0
BRDA:116,9,0,-
BRDA:116,9,1,-
DA:117,0
BRDA:117,10,0,-
BRDA:117,10,1,-
DA:120,0
BRDA:120,11,0,-
DA:121,0
DA:122,0
BRDA:122,12,0,-
BRDA:122,12,1,-
DA:125,0
BRDA:125,13,0,-
DA:126,0
DA:129,0
BRDA:129,14,0,-
BRDA:129,14,1,-
DA:132,0
DA:135,0
DA:139,0
FN:139,MockUniversalCoreReal.setGasPCPool
FNDA:0,MockUniversalCoreReal.setGasPCPool
DA:140,0
BRDA:140,15,0,-
BRDA:140,15,1,-
DA:144,0
DA:146,0
DA:149,58
FN:149,MockUniversalCoreReal.setGasPrice
FNDA:58,MockUniversalCoreReal.setGasPrice
DA:150,58
DA:151,58
DA:154,57
FN:154,MockUniversalCoreReal.setGasTokenPRC20
FNDA:57,MockUniversalCoreReal.setGasTokenPRC20
DA:155,57
BRDA:155,16,0,-
BRDA:155,16,1,-
DA:156,57
DA:157,57
DA:161,0
FN:161,MockUniversalCoreReal.setAutoSwapSupported
FNDA:0,MockUniversalCoreReal.setAutoSwapSupported
DA:162,0
DA:163,0
DA:166,0
FN:166,MockUniversalCoreReal.setWPCContractAddress
FNDA:0,MockUniversalCoreReal.setWPCContractAddress
DA:167,0
BRDA:167,17,0,-
BRDA:167,17,1,-
DA:168,0
DA:169,0
DA:172,0
FN:172,MockUniversalCoreReal.setUniswapV3Addresses
FNDA:0,MockUniversalCoreReal.setUniswapV3Addresses
DA:176,0
BRDA:176,18,0,-
BRDA:176,18,1,-
DA:179,0
DA:180,0
DA:181,0
DA:182,0
DA:185,0
FN:185,MockUniversalCoreReal.setDefaultFeeTier
FNDA:0,MockUniversalCoreReal.setDefaultFeeTier
DA:186,0
BRDA:186,19,0,-
BRDA:186,19,1,-
DA:187,0
BRDA:187,20,0,-
BRDA:187,20,1,-
DA:188,0
DA:189,0
DA:192,0
FN:192,MockUniversalCoreReal.setSlippageTolerance
FNDA:0,MockUniversalCoreReal.setSlippageTolerance
DA:193,0
BRDA:193,21,0,-
BRDA:193,21,1,-
DA:194,0
BRDA:194,22,0,-
BRDA:194,22,1,-
DA:195,0
DA:196,0
DA:199,0
FN:199,MockUniversalCoreReal.setDefaultDeadlineMins
FNDA:0,MockUniversalCoreReal.setDefaultDeadlineMins
DA:200,0
DA:201,0
DA:204,0
FN:204,MockUniversalCoreReal.pause
FNDA:0,MockUniversalCoreReal.pause
DA:205,0
DA:208,0
FN:208,MockUniversalCoreReal.unpause
FNDA:0,MockUniversalCoreReal.unpause
DA:209,0
DA:213,0
FN:213,MockUniversalCoreReal.paused
FNDA:0,MockUniversalCoreReal.paused
DA:214,0
DA:217,0
FN:217,MockUniversalCoreReal.getSwapQuote
FNDA:0,MockUniversalCoreReal.getSwapQuote
DA:219,0
DA:223,0
FN:223,MockUniversalCoreReal.setUniversalExecutorModule
FNDA:0,MockUniversalCoreReal.setUniversalExecutorModule
FNF:23
FNH:5
LF:81
LH:15
BRF:44
BRH:0
end_of_record
TN:
SF:test/mocks/MockWETH.sol
DA:41,0
FN:41,MockWETH.decimals
FNDA:0,MockWETH.decimals
DA:42,0
DA:48,960
FN:48,MockWETH.deposit
FNDA:960,MockWETH.deposit
DA:49,960
BRDA:49,0,0,-
BRDA:49,0,1,-
DA:50,960
BRDA:50,1,0,-
BRDA:50,1,1,-
DA:51,960
BRDA:51,2,0,-
BRDA:51,2,1,-
DA:53,960
DA:54,960
DA:61,0
FN:61,MockWETH.withdraw
FNDA:0,MockWETH.withdraw
DA:62,0
BRDA:62,3,0,-
BRDA:62,3,1,-
DA:63,0
BRDA:63,4,0,-
BRDA:63,4,1,-
DA:64,0
BRDA:64,5,0,-
BRDA:64,5,1,-
DA:65,0
BRDA:65,6,0,-
BRDA:65,6,1,-
DA:67,0
DA:71,0
DA:80,960
FN:80,MockWETH.transfer
FNDA:960,MockWETH.transfer
DA:81,960
BRDA:81,7,0,-
BRDA:81,7,1,-
DA:82,960
BRDA:82,8,0,-
BRDA:82,8,1,-
DA:83,960
BRDA:83,9,0,-
BRDA:83,9,1,-
DA:84,960
DA:90,0
FN:90,MockWETH.transferFrom
FNDA:0,MockWETH.transferFrom
DA:91,0
BRDA:91,10,0,-
BRDA:91,10,1,-
DA:92,0
BRDA:92,11,0,-
BRDA:92,11,1,-
DA:93,0
BRDA:93,12,0,-
BRDA:93,12,1,-
DA:94,0
DA:102,0
FN:102,MockWETH.mint
FNDA:0,MockWETH.mint
DA:103,0
BRDA:103,13,0,-
BRDA:103,13,1,-
DA:104,0
DA:112,0
FN:112,MockWETH.burn
FNDA:0,MockWETH.burn
DA:113,0
BRDA:113,14,0,-
BRDA:113,14,1,-
DA:114,0
DA:121,0
FN:121,MockWETH.burn
FNDA:0,MockWETH.burn
DA:122,0
BRDA:122,15,0,-
BRDA:122,15,1,-
DA:123,0
DA:129,0
FN:129,MockWETH.pauseDeposits
FNDA:0,MockWETH.pauseDeposits
DA:130,0
DA:131,0
DA:137,0
FN:137,MockWETH.unpauseDeposits
FNDA:0,MockWETH.unpauseDeposits
DA:138,0
DA:139,0
DA:145,0
FN:145,MockWETH.pauseWithdrawals
FNDA:0,MockWETH.pauseWithdrawals
DA:146,0
DA:147,0
DA:153,0
FN:153,MockWETH.unpauseWithdrawals
FNDA:0,MockWETH.unpauseWithdrawals
DA:154,0
DA:155,0
DA:161,0
FN:161,MockWETH.pauseTransfers
FNDA:0,MockWETH.pauseTransfers
DA:162,0
DA:163,0
DA:169,0
FN:169,MockWETH.unpauseTransfers
FNDA:0,MockWETH.unpauseTransfers
DA:170,0
DA:171,0
DA:178,0
FN:178,MockWETH.blacklist
FNDA:0,MockWETH.blacklist
DA:179,0
DA:180,0
DA:187,0
FN:187,MockWETH.unblacklist
FNDA:0,MockWETH.unblacklist
DA:188,0
DA:189,0
DA:197,0
FN:197,MockWETH.isBlacklisted
FNDA:0,MockWETH.isBlacklisted
DA:198,0
DA:204,0
FN:204,MockWETH.simulateDepositFailure
FNDA:0,MockWETH.simulateDepositFailure
DA:205,0
DA:211,0
FN:211,MockWETH.simulateWithdrawalFailure
FNDA:0,MockWETH.simulateWithdrawalFailure
DA:212,0
DA:220,0
FN:220,MockWETH.forceSetBalance
FNDA:0,MockWETH.forceSetBalance
DA:221,0
DA:222,0
BRDA:222,16,0,-
BRDA:222,16,1,-
DA:223,0
DA:224,0
BRDA:224,17,0,-
DA:225,0
DA:235,0
FN:235,MockWETH.forceSetAllowance
FNDA:0,MockWETH.forceSetAllowance
DA:236,0
DA:244,0
FN:244,MockWETH.getETHBalance
FNDA:0,MockWETH.getETHBalance
DA:245,0
DA:253,0
FN:253,MockWETH.wethToEth
FNDA:0,MockWETH.wethToEth
DA:254,0
DA:262,0
FN:262,MockWETH.ethToWeth
FNDA:0,MockWETH.ethToWeth
DA:263,0
DA:270,0
FN:270,MockWETH.getTotalSupplyInETH
FNDA:0,MockWETH.getTotalSupplyInETH
DA:271,0
DA:279,0
FN:279,MockWETH.simulateETHTransfer
FNDA:0,MockWETH.simulateETHTransfer
DA:280,0
BRDA:280,18,0,-
BRDA:280,18,1,-
DA:281,0
DA:282,0
DA:289,0
FN:289,MockWETH.getContractInfo
FNDA:0,MockWETH.getContractInfo
DA:290,0
DA:300,0
FN:300,MockWETH._toString
FNDA:0,MockWETH._toString
DA:301,0
BRDA:301,19,0,-
DA:302,0
DA:304,0
DA:305,0
DA:306,0
DA:307,0
DA:308,0
DA:310,0
DA:311,0
DA:312,0
DA:313,0
DA:314,0
DA:316,0
FNF:28
FNH:2
LF:100
LH:11
BRF:38
BRH:0
end_of_record
